<?xml version="1.0" encoding="UTF-8"?>
<testsuite name="cat.itacademy.s05.t01.n01.s05t01n01.S05t01n01ApplicationTests" tests="1" skipped="0" failures="0" errors="0" timestamp="2025-01-29T16:47:56" hostname="GEARBOX" time="0.559">
  <properties/>
  <testcase name="contextLoads()" classname="cat.itacademy.s05.t01.n01.s05t01n01.S05t01n01ApplicationTests" time="0.559"/>
  <system-out><![CDATA[17:47:53.163 [Test worker] INFO org.springframework.test.context.support.AnnotationConfigContextLoaderUtils -- Could not detect default configuration classes for test class [cat.itacademy.s05.t01.n01.s05t01n01.S05t01n01ApplicationTests]: S05t01n01ApplicationTests does not declare any static, non-private, non-final, nested classes annotated with @Configuration.
17:47:53.274 [Test worker] INFO org.springframework.boot.test.context.SpringBootTestContextBootstrapper -- Found @SpringBootConfiguration cat.itacademy.s05.t01.n01.s05t01n01.S05t01n01Application for test class cat.itacademy.s05.t01.n01.s05t01n01.S05t01n01ApplicationTests

  .   ____          _            __ _ _
 /\\ / ___'_ __ _ _(_)_ __  __ _ \ \ \ \
( ( )\___ | '_ | '_| | '_ \/ _` | \ \ \ \
 \\/  ___)| |_)| | | | | || (_| |  ) ) ) )
  '  |____| .__|_| |_|_| |_\__, | / / / /
 =========|_|==============|___/=/_/_/_/

 :: Spring Boot ::                (v3.4.2)

2025-01-29T17:47:53.634+01:00  INFO 19608 --- [s05t01n01] [    Test worker] c.i.s.t.n.s.S05t01n01ApplicationTests    : Starting S05t01n01ApplicationTests using Java 21.0.6 with PID 19608 (started by tk1mr in C:\Users\tk1mr\Desktop\BlackJack\s05t01n01)
2025-01-29T17:47:53.635+01:00 DEBUG 19608 --- [s05t01n01] [    Test worker] c.i.s.t.n.s.S05t01n01ApplicationTests    : Running with Spring Boot v3.4.2, Spring v6.2.2
2025-01-29T17:47:53.636+01:00  INFO 19608 --- [s05t01n01] [    Test worker] c.i.s.t.n.s.S05t01n01ApplicationTests    : No active profile set, falling back to 1 default profile: "default"
2025-01-29T17:47:53.637+01:00 DEBUG 19608 --- [s05t01n01] [    Test worker] o.s.boot.SpringApplication               : Loading source class cat.itacademy.s05.t01.n01.s05t01n01.S05t01n01Application
2025-01-29T17:47:53.667+01:00 DEBUG 19608 --- [s05t01n01] [    Test worker] r.c.GenericReactiveWebApplicationContext : Refreshing org.springframework.boot.web.reactive.context.GenericReactiveWebApplicationContext@6a9d5dff
2025-01-29T17:47:53.684+01:00 DEBUG 19608 --- [s05t01n01] [    Test worker] o.s.b.f.s.DefaultListableBeanFactory     : Creating shared instance of singleton bean 'org.springframework.context.annotation.internalConfigurationAnnotationProcessor'
2025-01-29T17:47:53.699+01:00 DEBUG 19608 --- [s05t01n01] [    Test worker] o.s.b.f.s.DefaultListableBeanFactory     : Creating shared instance of singleton bean 'org.springframework.boot.autoconfigure.internalCachingMetadataReaderFactory'
2025-01-29T17:47:53.733+01:00 DEBUG 19608 --- [s05t01n01] [    Test worker] o.s.c.a.ClassPathBeanDefinitionScanner   : Identified candidate component class: file [C:\Users\tk1mr\Desktop\BlackJack\s05t01n01\build\classes\java\main\cat\itacademy\s05\t01\n01\s05t01n01\config\OpenApiConfig.class]
2025-01-29T17:47:53.749+01:00 DEBUG 19608 --- [s05t01n01] [    Test worker] o.s.c.a.ClassPathBeanDefinitionScanner   : Identified candidate component class: file [C:\Users\tk1mr\Desktop\BlackJack\s05t01n01\build\classes\java\main\cat\itacademy\s05\t01\n01\s05t01n01\controller\GameController.class]
2025-01-29T17:47:53.751+01:00 DEBUG 19608 --- [s05t01n01] [    Test worker] o.s.c.a.ClassPathBeanDefinitionScanner   : Identified candidate component class: file [C:\Users\tk1mr\Desktop\BlackJack\s05t01n01\build\classes\java\main\cat\itacademy\s05\t01\n01\s05t01n01\controller\PlayerController.class]
2025-01-29T17:47:53.756+01:00 DEBUG 19608 --- [s05t01n01] [    Test worker] o.s.c.a.ClassPathBeanDefinitionScanner   : Identified candidate component class: file [C:\Users\tk1mr\Desktop\BlackJack\s05t01n01\build\classes\java\main\cat\itacademy\s05\t01\n01\s05t01n01\exception\GlobalExceptionHandler.class]
2025-01-29T17:47:53.759+01:00 DEBUG 19608 --- [s05t01n01] [    Test worker] o.s.c.a.ClassPathBeanDefinitionScanner   : Identified candidate component class: file [C:\Users\tk1mr\Desktop\BlackJack\s05t01n01\build\classes\java\main\cat\itacademy\s05\t01\n01\s05t01n01\service\GameServiceImpl.class]
2025-01-29T17:47:53.760+01:00 DEBUG 19608 --- [s05t01n01] [    Test worker] o.s.c.a.ClassPathBeanDefinitionScanner   : Identified candidate component class: file [C:\Users\tk1mr\Desktop\BlackJack\s05t01n01\build\classes\java\main\cat\itacademy\s05\t01\n01\s05t01n01\service\LogicServiceImpl.class]
2025-01-29T17:47:53.761+01:00 DEBUG 19608 --- [s05t01n01] [    Test worker] o.s.c.a.ClassPathBeanDefinitionScanner   : Identified candidate component class: file [C:\Users\tk1mr\Desktop\BlackJack\s05t01n01\build\classes\java\main\cat\itacademy\s05\t01\n01\s05t01n01\service\PlayerServiceImpl.class]
2025-01-29T17:47:54.351+01:00  INFO 19608 --- [s05t01n01] [    Test worker] .s.d.r.c.RepositoryConfigurationDelegate : Multiple Spring Data modules found, entering strict repository configuration mode
2025-01-29T17:47:54.352+01:00  INFO 19608 --- [s05t01n01] [    Test worker] .s.d.r.c.RepositoryConfigurationDelegate : Bootstrapping Spring Data Reactive MongoDB repositories in DEFAULT mode.
2025-01-29T17:47:54.357+01:00 DEBUG 19608 --- [s05t01n01] [    Test worker] o.s.b.f.s.DefaultListableBeanFactory     : Creating shared instance of singleton bean 'org.springframework.boot.autoconfigure.AutoConfigurationPackages'
2025-01-29T17:47:54.362+01:00 DEBUG 19608 --- [s05t01n01] [    Test worker] o.s.b.a.AutoConfigurationPackages        : @EnableAutoConfiguration was declared on a class in the package 'cat.itacademy.s05.t01.n01.s05t01n01'. Automatic @Repository and @Entity scanning is enabled.
2025-01-29T17:47:54.362+01:00 DEBUG 19608 --- [s05t01n01] [    Test worker] .s.d.r.c.RepositoryConfigurationDelegate : Scanning for Reactive MongoDB repositories in packages cat.itacademy.s05.t01.n01.s05t01n01.
2025-01-29T17:47:54.372+01:00 DEBUG 19608 --- [s05t01n01] [    Test worker] o.s.d.r.c.RepositoryComponentProvider    : Identified candidate component class: file [C:\Users\tk1mr\Desktop\BlackJack\s05t01n01\build\classes\java\main\cat\itacademy\s05\t01\n01\s05t01n01\repository\GameRepository.class]
2025-01-29T17:47:54.372+01:00 DEBUG 19608 --- [s05t01n01] [    Test worker] o.s.d.r.c.RepositoryComponentProvider    : Identified candidate component class: file [C:\Users\tk1mr\Desktop\BlackJack\s05t01n01\build\classes\java\main\cat\itacademy\s05\t01\n01\s05t01n01\repository\PlayerRepository.class]
2025-01-29T17:47:54.458+01:00  INFO 19608 --- [s05t01n01] [    Test worker] .RepositoryConfigurationExtensionSupport : Spring Data Reactive MongoDB - Could not safely identify store assignment for repository candidate interface cat.itacademy.s05.t01.n01.s05t01n01.repository.PlayerRepository; If you want this repository to be a Reactive MongoDB repository, consider annotating your entities with one of these annotations: org.springframework.data.mongodb.core.mapping.Document (preferred), or consider extending one of the following types with your repository: org.springframework.data.mongodb.repository.ReactiveMongoRepository
2025-01-29T17:47:54.465+01:00 DEBUG 19608 --- [s05t01n01] [    Test worker] ssPathScanningCandidateComponentProvider : Identified candidate component class: file [C:\Users\tk1mr\Desktop\BlackJack\s05t01n01\build\classes\java\main\cat\itacademy\s05\t01\n01\s05t01n01\service\GameServiceImpl.class]
2025-01-29T17:47:54.466+01:00 DEBUG 19608 --- [s05t01n01] [    Test worker] ssPathScanningCandidateComponentProvider : Identified candidate component class: file [C:\Users\tk1mr\Desktop\BlackJack\s05t01n01\build\classes\java\main\cat\itacademy\s05\t01\n01\s05t01n01\service\LogicServiceImpl.class]
2025-01-29T17:47:54.466+01:00 DEBUG 19608 --- [s05t01n01] [    Test worker] ssPathScanningCandidateComponentProvider : Identified candidate component class: file [C:\Users\tk1mr\Desktop\BlackJack\s05t01n01\build\classes\java\main\cat\itacademy\s05\t01\n01\s05t01n01\service\PlayerServiceImpl.class]
2025-01-29T17:47:54.477+01:00  INFO 19608 --- [s05t01n01] [    Test worker] .s.d.r.c.RepositoryConfigurationDelegate : Finished Spring Data repository scanning in 112 ms. Found 1 Reactive MongoDB repository interface.
2025-01-29T17:47:54.492+01:00  INFO 19608 --- [s05t01n01] [    Test worker] .s.d.r.c.RepositoryConfigurationDelegate : Multiple Spring Data modules found, entering strict repository configuration mode
2025-01-29T17:47:54.492+01:00  INFO 19608 --- [s05t01n01] [    Test worker] .s.d.r.c.RepositoryConfigurationDelegate : Bootstrapping Spring Data R2DBC repositories in DEFAULT mode.
2025-01-29T17:47:54.493+01:00 DEBUG 19608 --- [s05t01n01] [    Test worker] .s.d.r.c.RepositoryConfigurationDelegate : Scanning for R2DBC repositories in packages cat.itacademy.s05.t01.n01.s05t01n01.
2025-01-29T17:47:54.497+01:00 DEBUG 19608 --- [s05t01n01] [    Test worker] o.s.d.r.c.RepositoryComponentProvider    : Identified candidate component class: file [C:\Users\tk1mr\Desktop\BlackJack\s05t01n01\build\classes\java\main\cat\itacademy\s05\t01\n01\s05t01n01\repository\GameRepository.class]
2025-01-29T17:47:54.498+01:00 DEBUG 19608 --- [s05t01n01] [    Test worker] o.s.d.r.c.RepositoryComponentProvider    : Identified candidate component class: file [C:\Users\tk1mr\Desktop\BlackJack\s05t01n01\build\classes\java\main\cat\itacademy\s05\t01\n01\s05t01n01\repository\PlayerRepository.class]
2025-01-29T17:47:54.498+01:00  INFO 19608 --- [s05t01n01] [    Test worker] .RepositoryConfigurationExtensionSupport : Spring Data R2DBC - Could not safely identify store assignment for repository candidate interface cat.itacademy.s05.t01.n01.s05t01n01.repository.GameRepository; If you want this repository to be a R2DBC repository, consider annotating your entities with one of these annotations: org.springframework.data.relational.core.mapping.Table (preferred), or consider extending one of the following types with your repository: org.springframework.data.r2dbc.repository.R2dbcRepository
2025-01-29T17:47:54.502+01:00 DEBUG 19608 --- [s05t01n01] [    Test worker] ssPathScanningCandidateComponentProvider : Identified candidate component class: file [C:\Users\tk1mr\Desktop\BlackJack\s05t01n01\build\classes\java\main\cat\itacademy\s05\t01\n01\s05t01n01\service\GameServiceImpl.class]
2025-01-29T17:47:54.502+01:00 DEBUG 19608 --- [s05t01n01] [    Test worker] ssPathScanningCandidateComponentProvider : Identified candidate component class: file [C:\Users\tk1mr\Desktop\BlackJack\s05t01n01\build\classes\java\main\cat\itacademy\s05\t01\n01\s05t01n01\service\LogicServiceImpl.class]
2025-01-29T17:47:54.502+01:00 DEBUG 19608 --- [s05t01n01] [    Test worker] ssPathScanningCandidateComponentProvider : Identified candidate component class: file [C:\Users\tk1mr\Desktop\BlackJack\s05t01n01\build\classes\java\main\cat\itacademy\s05\t01\n01\s05t01n01\service\PlayerServiceImpl.class]
2025-01-29T17:47:54.503+01:00  INFO 19608 --- [s05t01n01] [    Test worker] .s.d.r.c.RepositoryConfigurationDelegate : Finished Spring Data repository scanning in 9 ms. Found 1 R2DBC repository interface.
2025-01-29T17:47:54.637+01:00 DEBUG 19608 --- [s05t01n01] [    Test worker] o.s.b.f.s.DefaultListableBeanFactory     : Creating shared instance of singleton bean 'propertySourcesPlaceholderConfigurer'
2025-01-29T17:47:54.642+01:00 DEBUG 19608 --- [s05t01n01] [    Test worker] o.s.b.f.s.DefaultListableBeanFactory     : Creating shared instance of singleton bean 'org.springframework.boot.test.mock.mockito.MockitoPostProcessor'
2025-01-29T17:47:54.643+01:00 DEBUG 19608 --- [s05t01n01] [    Test worker] o.s.b.f.s.DefaultListableBeanFactory     : Creating shared instance of singleton bean 'org.springframework.boot.sql.init.dependency.DatabaseInitializationDependencyConfigurer$DependsOnDatabaseInitializationPostProcessor'
2025-01-29T17:47:54.675+01:00 DEBUG 19608 --- [s05t01n01] [    Test worker] o.s.b.f.s.DefaultListableBeanFactory     : Creating shared instance of singleton bean 'org.springframework.context.event.internalEventListenerProcessor'
2025-01-29T17:47:54.677+01:00 DEBUG 19608 --- [s05t01n01] [    Test worker] o.s.b.f.s.DefaultListableBeanFactory     : Creating shared instance of singleton bean 'org.springframework.context.event.internalEventListenerFactory'
2025-01-29T17:47:54.677+01:00 DEBUG 19608 --- [s05t01n01] [    Test worker] o.s.b.f.s.DefaultListableBeanFactory     : Creating shared instance of singleton bean 'org.springframework.transaction.config.internalTransactionalEventListenerFactory'
2025-01-29T17:47:54.680+01:00 DEBUG 19608 --- [s05t01n01] [    Test worker] o.s.b.f.s.DefaultListableBeanFactory     : Creating shared instance of singleton bean 'org.springframework.boot.test.mock.mockito.MockitoPostProcessor$SpyPostProcessor'
2025-01-29T17:47:54.681+01:00 DEBUG 19608 --- [s05t01n01] [    Test worker] o.s.b.f.s.DefaultListableBeanFactory     : Creating shared instance of singleton bean 'org.springframework.context.annotation.internalAutowiredAnnotationProcessor'
2025-01-29T17:47:54.682+01:00 DEBUG 19608 --- [s05t01n01] [    Test worker] o.s.b.f.s.DefaultListableBeanFactory     : Creating shared instance of singleton bean 'org.springframework.context.annotation.internalCommonAnnotationProcessor'
2025-01-29T17:47:54.685+01:00 DEBUG 19608 --- [s05t01n01] [    Test worker] o.s.b.f.s.DefaultListableBeanFactory     : Creating shared instance of singleton bean 'org.springframework.context.annotation.internalPersistenceAnnotationProcessor'
2025-01-29T17:47:54.685+01:00 DEBUG 19608 --- [s05t01n01] [    Test worker] o.s.b.f.s.DefaultListableBeanFactory     : Creating shared instance of singleton bean 'org.springframework.boot.context.properties.ConfigurationPropertiesBindingPostProcessor'
2025-01-29T17:47:54.685+01:00 DEBUG 19608 --- [s05t01n01] [    Test worker] o.s.b.f.s.DefaultListableBeanFactory     : Creating shared instance of singleton bean 'org.springframework.boot.context.internalConfigurationPropertiesBinder'
2025-01-29T17:47:54.687+01:00 DEBUG 19608 --- [s05t01n01] [    Test worker] o.s.b.f.s.DefaultListableBeanFactory     : Creating shared instance of singleton bean 'methodValidationPostProcessor'
2025-01-29T17:47:54.690+01:00 DEBUG 19608 --- [s05t01n01] [    Test worker] o.s.b.f.s.DefaultListableBeanFactory     : Autowiring by type from bean name 'methodValidationPostProcessor' via factory method to bean named 'environment'
2025-01-29T17:47:54.702+01:00 DEBUG 19608 --- [s05t01n01] [    Test worker] o.s.b.f.s.DefaultListableBeanFactory     : Creating shared instance of singleton bean 'org.springframework.boot.context.properties.EnableConfigurationPropertiesRegistrar.methodValidationExcludeFilter'
2025-01-29T17:47:54.717+01:00 DEBUG 19608 --- [s05t01n01] [    Test worker] o.s.b.f.s.DefaultListableBeanFactory     : Creating shared instance of singleton bean 'org.springframework.aop.config.internalAutoProxyCreator'
2025-01-29T17:47:54.729+01:00 DEBUG 19608 --- [s05t01n01] [    Test worker] o.s.b.f.s.DefaultListableBeanFactory     : Creating shared instance of singleton bean 'persistenceExceptionTranslationPostProcessor'
2025-01-29T17:47:54.729+01:00 DEBUG 19608 --- [s05t01n01] [    Test worker] o.s.b.f.s.DefaultListableBeanFactory     : Autowiring by type from bean name 'persistenceExceptionTranslationPostProcessor' via factory method to bean named 'environment'
2025-01-29T17:47:54.731+01:00 DEBUG 19608 --- [s05t01n01] [    Test worker] o.s.b.f.s.DefaultListableBeanFactory     : Creating shared instance of singleton bean 'webServerFactoryCustomizerBeanPostProcessor'
2025-01-29T17:47:54.734+01:00 DEBUG 19608 --- [s05t01n01] [    Test worker] o.s.b.f.s.DefaultListableBeanFactory     : Creating shared instance of singleton bean 'org.springframework.test.context.support.internalDynamicPropertyRegistrarBeanInitializer'
2025-01-29T17:47:54.734+01:00 DEBUG 19608 --- [s05t01n01] [    Test worker] o.s.b.f.s.DefaultListableBeanFactory     : Creating shared instance of singleton bean 'org.springframework.transaction.config.internalTransactionAdvisor'
2025-01-29T17:47:54.734+01:00 DEBUG 19608 --- [s05t01n01] [    Test worker] o.s.b.f.s.DefaultListableBeanFactory     : Creating shared instance of singleton bean 'org.springframework.transaction.annotation.ProxyTransactionManagementConfiguration'
2025-01-29T17:47:54.742+01:00 DEBUG 19608 --- [s05t01n01] [    Test worker] o.s.b.f.s.DefaultListableBeanFactory     : Creating shared instance of singleton bean 'transactionAttributeSource'
2025-01-29T17:47:54.743+01:00 DEBUG 19608 --- [s05t01n01] [    Test worker] o.s.b.f.s.DefaultListableBeanFactory     : Creating shared instance of singleton bean 'transactionInterceptor'
2025-01-29T17:47:54.743+01:00 DEBUG 19608 --- [s05t01n01] [    Test worker] o.s.b.f.s.DefaultListableBeanFactory     : Autowiring by type from bean name 'transactionInterceptor' via factory method to bean named 'transactionAttributeSource'
2025-01-29T17:47:54.747+01:00 DEBUG 19608 --- [s05t01n01] [    Test worker] o.s.b.f.s.DefaultListableBeanFactory     : Autowiring by type from bean name 'org.springframework.transaction.config.internalTransactionAdvisor' via factory method to bean named 'transactionAttributeSource'
2025-01-29T17:47:54.748+01:00 DEBUG 19608 --- [s05t01n01] [    Test worker] o.s.b.f.s.DefaultListableBeanFactory     : Autowiring by type from bean name 'org.springframework.transaction.config.internalTransactionAdvisor' via factory method to bean named 'transactionInterceptor'
2025-01-29T17:47:54.752+01:00 DEBUG 19608 --- [s05t01n01] [    Test worker] o.s.b.f.s.DefaultListableBeanFactory     : Creating shared instance of singleton bean 's05t01n01Application'
2025-01-29T17:47:54.755+01:00 DEBUG 19608 --- [s05t01n01] [    Test worker] o.s.b.f.s.DefaultListableBeanFactory     : Creating shared instance of singleton bean 'openApiConfig'
2025-01-29T17:47:54.755+01:00 DEBUG 19608 --- [s05t01n01] [    Test worker] o.s.b.f.s.DefaultListableBeanFactory     : Creating shared instance of singleton bean 'gameController'
2025-01-29T17:47:54.759+01:00 DEBUG 19608 --- [s05t01n01] [    Test worker] o.s.b.f.s.DefaultListableBeanFactory     : Creating shared instance of singleton bean 'gameServiceImpl'
2025-01-29T17:47:54.759+01:00 DEBUG 19608 --- [s05t01n01] [    Test worker] o.s.b.f.s.DefaultListableBeanFactory     : Creating shared instance of singleton bean 'gameRepository'
2025-01-29T17:47:54.763+01:00 DEBUG 19608 --- [s05t01n01] [    Test worker] o.s.b.f.s.DefaultListableBeanFactory     : Creating shared instance of singleton bean 'mongo.named-queries#0'
2025-01-29T17:47:54.766+01:00 DEBUG 19608 --- [s05t01n01] [    Test worker] o.s.b.f.s.DefaultListableBeanFactory     : Creating shared instance of singleton bean 'reactive mongodb.GameRepository.fragments#0'
2025-01-29T17:47:54.771+01:00 DEBUG 19608 --- [s05t01n01] [    Test worker] o.s.b.f.s.DefaultListableBeanFactory     : Creating shared instance of singleton bean 'reactiveMongoTemplate'
2025-01-29T17:47:54.771+01:00 DEBUG 19608 --- [s05t01n01] [    Test worker] o.s.b.f.s.DefaultListableBeanFactory     : Creating shared instance of singleton bean 'org.springframework.boot.autoconfigure.data.mongo.MongoReactiveDataAutoConfiguration'
2025-01-29T17:47:54.772+01:00 DEBUG 19608 --- [s05t01n01] [    Test worker] o.s.b.f.s.DefaultListableBeanFactory     : Creating shared instance of singleton bean 'mongoConnectionDetails'
2025-01-29T17:47:54.772+01:00 DEBUG 19608 --- [s05t01n01] [    Test worker] o.s.b.f.s.DefaultListableBeanFactory     : Creating shared instance of singleton bean 'org.springframework.boot.autoconfigure.mongo.MongoReactiveAutoConfiguration'
2025-01-29T17:47:54.772+01:00 DEBUG 19608 --- [s05t01n01] [    Test worker] o.s.b.f.s.DefaultListableBeanFactory     : Creating shared instance of singleton bean 'spring.data.mongodb-org.springframework.boot.autoconfigure.mongo.MongoProperties'
2025-01-29T17:47:54.774+01:00 DEBUG 19608 --- [s05t01n01] [    Test worker] o.s.b.f.s.DefaultListableBeanFactory     : Creating shared instance of singleton bean 'org.springframework.boot.context.properties.BoundConfigurationProperties'
2025-01-29T17:47:54.787+01:00 DEBUG 19608 --- [s05t01n01] [    Test worker] o.s.b.f.s.DefaultListableBeanFactory     : Autowiring by type from bean name 'mongoConnectionDetails' via factory method to bean named 'spring.data.mongodb-org.springframework.boot.autoconfigure.mongo.MongoProperties'
2025-01-29T17:47:54.789+01:00 DEBUG 19608 --- [s05t01n01] [    Test worker] o.s.b.f.s.DefaultListableBeanFactory     : Autowiring by type from bean name 'org.springframework.boot.autoconfigure.data.mongo.MongoReactiveDataAutoConfiguration' via constructor to bean named 'mongoConnectionDetails'
2025-01-29T17:47:54.789+01:00 DEBUG 19608 --- [s05t01n01] [    Test worker] o.s.b.f.s.DefaultListableBeanFactory     : Creating shared instance of singleton bean 'reactiveMongoDatabaseFactory'
2025-01-29T17:47:54.790+01:00 DEBUG 19608 --- [s05t01n01] [    Test worker] o.s.b.f.s.DefaultListableBeanFactory     : Creating shared instance of singleton bean 'reactiveStreamsMongoClient'
2025-01-29T17:47:54.790+01:00 DEBUG 19608 --- [s05t01n01] [    Test worker] o.s.b.f.s.DefaultListableBeanFactory     : Creating shared instance of singleton bean 'mongoClientSettings'
2025-01-29T17:47:54.790+01:00 DEBUG 19608 --- [s05t01n01] [    Test worker] o.s.b.f.s.DefaultListableBeanFactory     : Creating shared instance of singleton bean 'org.springframework.boot.autoconfigure.mongo.MongoReactiveAutoConfiguration$MongoClientSettingsConfiguration'
2025-01-29T17:47:54.848+01:00 DEBUG 19608 --- [s05t01n01] [    Test worker] o.s.b.f.s.DefaultListableBeanFactory     : Autowiring by type from bean name 'reactiveStreamsMongoClient' via factory method to bean named 'mongoClientSettings'
2025-01-29T17:47:54.850+01:00 DEBUG 19608 --- [s05t01n01] [    Test worker] o.s.b.f.s.DefaultListableBeanFactory     : Creating shared instance of singleton bean 'nettyDriverCustomizer'
2025-01-29T17:47:54.850+01:00 DEBUG 19608 --- [s05t01n01] [    Test worker] o.s.b.f.s.DefaultListableBeanFactory     : Creating shared instance of singleton bean 'org.springframework.boot.autoconfigure.mongo.MongoReactiveAutoConfiguration$NettyDriverConfiguration'
2025-01-29T17:47:54.851+01:00 DEBUG 19608 --- [s05t01n01] [    Test worker] o.s.b.f.s.DefaultListableBeanFactory     : Creating shared instance of singleton bean 'standardMongoSettingsCustomizer'
2025-01-29T17:47:54.852+01:00 DEBUG 19608 --- [s05t01n01] [    Test worker] o.s.b.f.s.DefaultListableBeanFactory     : Autowiring by type from bean name 'standardMongoSettingsCustomizer' via factory method to bean named 'spring.data.mongodb-org.springframework.boot.autoconfigure.mongo.MongoProperties'
2025-01-29T17:47:54.852+01:00 DEBUG 19608 --- [s05t01n01] [    Test worker] o.s.b.f.s.DefaultListableBeanFactory     : Autowiring by type from bean name 'standardMongoSettingsCustomizer' via factory method to bean named 'mongoConnectionDetails'
2025-01-29T17:47:54.856+01:00 DEBUG 19608 --- [s05t01n01] [    Test worker] o.s.b.f.s.DefaultListableBeanFactory     : Creating shared instance of singleton bean 'sslBundleRegistry'
2025-01-29T17:47:54.857+01:00 DEBUG 19608 --- [s05t01n01] [    Test worker] o.s.b.f.s.DefaultListableBeanFactory     : Creating shared instance of singleton bean 'org.springframework.boot.autoconfigure.ssl.SslAutoConfiguration'
2025-01-29T17:47:54.857+01:00 DEBUG 19608 --- [s05t01n01] [    Test worker] o.s.b.f.s.DefaultListableBeanFactory     : Creating shared instance of singleton bean 'spring.ssl-org.springframework.boot.autoconfigure.ssl.SslProperties'
2025-01-29T17:47:54.859+01:00 DEBUG 19608 --- [s05t01n01] [    Test worker] o.s.b.f.s.DefaultListableBeanFactory     : Autowiring by type from bean name 'org.springframework.boot.autoconfigure.ssl.SslAutoConfiguration' via constructor to bean named 'org.springframework.boot.web.reactive.context.GenericReactiveWebApplicationContext@6a9d5dff'
2025-01-29T17:47:54.859+01:00 DEBUG 19608 --- [s05t01n01] [    Test worker] o.s.b.f.s.DefaultListableBeanFactory     : Autowiring by type from bean name 'org.springframework.boot.autoconfigure.ssl.SslAutoConfiguration' via constructor to bean named 'spring.ssl-org.springframework.boot.autoconfigure.ssl.SslProperties'
2025-01-29T17:47:54.862+01:00 DEBUG 19608 --- [s05t01n01] [    Test worker] o.s.b.f.s.DefaultListableBeanFactory     : Creating shared instance of singleton bean 'sslPropertiesSslBundleRegistrar'
2025-01-29T17:47:54.862+01:00 DEBUG 19608 --- [s05t01n01] [    Test worker] o.s.b.f.s.DefaultListableBeanFactory     : Creating shared instance of singleton bean 'fileWatcher'
2025-01-29T17:47:54.862+01:00 DEBUG 19608 --- [s05t01n01] [    Test worker] o.s.b.f.s.DefaultListableBeanFactory     : Autowiring by type from bean name 'sslPropertiesSslBundleRegistrar' via factory method to bean named 'fileWatcher'
2025-01-29T17:47:55.074+01:00  INFO 19608 --- [s05t01n01] [    Test worker] org.mongodb.driver.client                : MongoClient with metadata {"driver": {"name": "mongo-java-driver|reactive-streams|spring-boot", "version": "5.2.1"}, "os": {"type": "Windows", "name": "Windows 11", "architecture": "amd64", "version": "10.0"}, "platform": "Java/Oracle Corporation/21.0.6+8-LTS-188"} created with settings MongoClientSettings{readPreference=primary, writeConcern=WriteConcern{w=null, wTimeout=null ms, journal=null}, retryWrites=true, retryReads=true, readConcern=ReadConcern{level=null}, credential=null, transportSettings=NettyTransportSettings{eventLoopGroup=io.netty.channel.nio.NioEventLoopGroup@5ed25612, socketChannelClass=null, allocator=null, sslContext=null}, commandListeners=[], codecRegistry=ProvidersCodecRegistry{codecProviders=[ValueCodecProvider{}, BsonValueCodecProvider{}, DBRefCodecProvider{}, DBObjectCodecProvider{}, DocumentCodecProvider{}, CollectionCodecProvider{}, IterableCodecProvider{}, MapCodecProvider{}, GeoJsonCodecProvider{}, GridFSFileCodecProvider{}, Jsr310CodecProvider{}, JsonObjectCodecProvider{}, BsonCodecProvider{}, EnumCodecProvider{}, com.mongodb.client.model.mql.ExpressionCodecProvider@5122e4bf, com.mongodb.Jep395RecordCodecProvider@23e61112, com.mongodb.KotlinCodecProvider@58a7dc4]}, loggerSettings=LoggerSettings{maxDocumentLength=1000}, clusterSettings={hosts=[localhost:27017], srvServiceName=mongodb, mode=SINGLE, requiredClusterType=UNKNOWN, requiredReplicaSetName='null', serverSelector='null', clusterListeners='[]', serverSelectionTimeout='30000 ms', localThreshold='15 ms'}, socketSettings=SocketSettings{connectTimeoutMS=10000, readTimeoutMS=0, receiveBufferSize=0, proxySettings=ProxySettings{host=null, port=null, username=null, password=null}}, heartbeatSocketSettings=SocketSettings{connectTimeoutMS=10000, readTimeoutMS=10000, receiveBufferSize=0, proxySettings=ProxySettings{host=null, port=null, username=null, password=null}}, connectionPoolSettings=ConnectionPoolSettings{maxSize=100, minSize=0, maxWaitTimeMS=120000, maxConnectionLifeTimeMS=0, maxConnectionIdleTimeMS=0, maintenanceInitialDelayMS=0, maintenanceFrequencyMS=60000, connectionPoolListeners=[], maxConnecting=2}, serverSettings=ServerSettings{heartbeatFrequencyMS=10000, minHeartbeatFrequencyMS=500, serverMonitoringMode=AUTO, serverListeners='[]', serverMonitorListeners='[]'}, sslSettings=SslSettings{enabled=false, invalidHostNameAllowed=false, context=null}, applicationName='null', compressorList=[], uuidRepresentation=JAVA_LEGACY, serverApi=null, autoEncryptionSettings=null, dnsClient=null, inetAddressResolver=null, contextProvider=null, timeoutMS=null}
2025-01-29T17:47:55.078+01:00 DEBUG 19608 --- [s05t01n01] [    Test worker] o.s.b.f.s.DefaultListableBeanFactory     : Autowiring by type from bean name 'reactiveMongoDatabaseFactory' via factory method to bean named 'reactiveStreamsMongoClient'
2025-01-29T17:47:55.078+01:00 DEBUG 19608 --- [s05t01n01] [    Test worker] o.s.b.f.s.DefaultListableBeanFactory     : Autowiring by type from bean name 'reactiveMongoDatabaseFactory' via factory method to bean named 'spring.data.mongodb-org.springframework.boot.autoconfigure.mongo.MongoProperties'
2025-01-29T17:47:55.083+01:00 DEBUG 19608 --- [s05t01n01] [    Test worker] o.s.b.f.s.DefaultListableBeanFactory     : Creating shared instance of singleton bean 'mappingMongoConverter'
2025-01-29T17:47:55.083+01:00 DEBUG 19608 --- [s05t01n01] [    Test worker] o.s.b.f.s.DefaultListableBeanFactory     : Creating shared instance of singleton bean 'org.springframework.boot.autoconfigure.data.mongo.MongoDataConfiguration'
2025-01-29T17:47:55.084+01:00 DEBUG 19608 --- [s05t01n01] [    Test worker] o.s.b.f.s.DefaultListableBeanFactory     : Creating shared instance of singleton bean 'mongoMappingContext'
2025-01-29T17:47:55.085+01:00 DEBUG 19608 --- [s05t01n01] [    Test worker] o.s.b.f.s.DefaultListableBeanFactory     : Creating shared instance of singleton bean 'mongoCustomConversions'
2025-01-29T17:47:55.187+01:00 DEBUG 19608 --- [s05t01n01] [    Test worker] o.s.data.convert.CustomConversions       : Adding converter from class java.lang.Character to class java.lang.String as writing converter
2025-01-29T17:47:55.187+01:00 DEBUG 19608 --- [s05t01n01] [    Test worker] o.s.data.convert.CustomConversions       : Adding converter from class java.util.Locale to class java.lang.String as writing converter
2025-01-29T17:47:55.188+01:00 DEBUG 19608 --- [s05t01n01] [    Test worker] o.s.data.convert.CustomConversions       : Adding converter from class java.math.BigDecimal to class java.lang.String as writing converter
2025-01-29T17:47:55.188+01:00 DEBUG 19608 --- [s05t01n01] [    Test worker] o.s.data.convert.CustomConversions       : Adding converter from class java.math.BigDecimal to class org.bson.types.Decimal128 as writing converter
2025-01-29T17:47:55.188+01:00 DEBUG 19608 --- [s05t01n01] [    Test worker] o.s.data.convert.CustomConversions       : Adding converter from class java.lang.String to class java.math.BigDecimal as reading converter
2025-01-29T17:47:55.188+01:00 DEBUG 19608 --- [s05t01n01] [    Test worker] o.s.data.convert.CustomConversions       : Adding converter from class org.bson.types.Decimal128 to class java.math.BigDecimal as reading converter
2025-01-29T17:47:55.189+01:00 DEBUG 19608 --- [s05t01n01] [    Test worker] o.s.data.convert.CustomConversions       : Adding converter from class java.math.BigInteger to class java.lang.String as writing converter
2025-01-29T17:47:55.189+01:00 DEBUG 19608 --- [s05t01n01] [    Test worker] o.s.data.convert.CustomConversions       : Adding converter from class java.lang.String to class java.math.BigInteger as reading converter
2025-01-29T17:47:55.189+01:00 DEBUG 19608 --- [s05t01n01] [    Test worker] o.s.data.convert.CustomConversions       : Adding converter from class java.net.URL to class java.lang.String as writing converter
2025-01-29T17:47:55.189+01:00 DEBUG 19608 --- [s05t01n01] [    Test worker] o.s.data.convert.CustomConversions       : Adding converter from class java.lang.String to class java.net.URL as reading converter
2025-01-29T17:47:55.189+01:00 DEBUG 19608 --- [s05t01n01] [    Test worker] o.s.data.convert.CustomConversions       : Adding converter from class org.bson.Document to class java.lang.String as reading converter
2025-01-29T17:47:55.189+01:00 DEBUG 19608 --- [s05t01n01] [    Test worker] o.s.data.convert.CustomConversions       : Adding converter from class org.springframework.data.mongodb.core.query.Term to class java.lang.String as writing converter
2025-01-29T17:47:55.189+01:00 DEBUG 19608 --- [s05t01n01] [    Test worker] o.s.data.convert.CustomConversions       : Adding converter from class org.springframework.data.mongodb.core.script.NamedMongoScript to class org.bson.Document as writing converter
2025-01-29T17:47:55.190+01:00 DEBUG 19608 --- [s05t01n01] [    Test worker] o.s.data.convert.CustomConversions       : Adding converter from class org.bson.Document to class org.springframework.data.mongodb.core.script.NamedMongoScript as reading converter
2025-01-29T17:47:55.190+01:00 DEBUG 19608 --- [s05t01n01] [    Test worker] o.s.data.convert.CustomConversions       : Adding converter from class java.util.Currency to class java.lang.String as writing converter
2025-01-29T17:47:55.190+01:00 DEBUG 19608 --- [s05t01n01] [    Test worker] o.s.data.convert.CustomConversions       : Adding converter from class java.lang.String to class java.util.Currency as reading converter
2025-01-29T17:47:55.190+01:00 DEBUG 19608 --- [s05t01n01] [    Test worker] o.s.data.convert.CustomConversions       : Adding converter from class java.util.concurrent.atomic.AtomicInteger to class java.lang.Integer as writing converter
2025-01-29T17:47:55.190+01:00 DEBUG 19608 --- [s05t01n01] [    Test worker] o.s.data.convert.CustomConversions       : Adding converter from class java.util.concurrent.atomic.AtomicLong to class java.lang.Long as writing converter
2025-01-29T17:47:55.190+01:00 DEBUG 19608 --- [s05t01n01] [    Test worker] o.s.data.convert.CustomConversions       : Adding converter from class java.lang.Long to class java.util.concurrent.atomic.AtomicLong as reading converter
2025-01-29T17:47:55.190+01:00 DEBUG 19608 --- [s05t01n01] [    Test worker] o.s.data.convert.CustomConversions       : Adding converter from class java.lang.Integer to class java.util.concurrent.atomic.AtomicInteger as reading converter
2025-01-29T17:47:55.190+01:00 DEBUG 19608 --- [s05t01n01] [    Test worker] o.s.data.convert.CustomConversions       : Adding converter from class org.bson.types.Binary to class [B as reading converter
2025-01-29T17:47:55.190+01:00 DEBUG 19608 --- [s05t01n01] [    Test worker] o.s.data.convert.CustomConversions       : Adding converter from class org.bson.BsonTimestamp to class java.time.Instant as reading converter
2025-01-29T17:47:55.194+01:00 DEBUG 19608 --- [s05t01n01] [    Test worker] o.s.data.convert.CustomConversions       : Adding converter from class org.bson.BsonUndefined to class java.lang.Object as reading converter
2025-01-29T17:47:55.195+01:00 DEBUG 19608 --- [s05t01n01] [    Test worker] o.s.data.convert.CustomConversions       : Adding converter from class java.lang.String to class java.net.URI as reading converter
2025-01-29T17:47:55.195+01:00 DEBUG 19608 --- [s05t01n01] [    Test worker] o.s.data.convert.CustomConversions       : Adding converter from class java.net.URI to class java.lang.String as writing converter
2025-01-29T17:47:55.195+01:00 DEBUG 19608 --- [s05t01n01] [    Test worker] o.s.data.convert.CustomConversions       : Adding converter from class org.springframework.data.geo.Box to class org.bson.Document as writing converter
2025-01-29T17:47:55.195+01:00 DEBUG 19608 --- [s05t01n01] [    Test worker] o.s.data.convert.CustomConversions       : Adding converter from class org.springframework.data.geo.Polygon to class org.bson.Document as writing converter
2025-01-29T17:47:55.195+01:00 DEBUG 19608 --- [s05t01n01] [    Test worker] o.s.data.convert.CustomConversions       : Adding converter from class org.springframework.data.geo.Circle to class org.bson.Document as writing converter
2025-01-29T17:47:55.196+01:00 DEBUG 19608 --- [s05t01n01] [    Test worker] o.s.data.convert.CustomConversions       : Adding converter from class org.springframework.data.mongodb.core.geo.Sphere to class org.bson.Document as writing converter
2025-01-29T17:47:55.196+01:00 DEBUG 19608 --- [s05t01n01] [    Test worker] o.s.data.convert.CustomConversions       : Adding converter from class org.bson.Document to class org.springframework.data.geo.Box as reading converter
2025-01-29T17:47:55.196+01:00 DEBUG 19608 --- [s05t01n01] [    Test worker] o.s.data.convert.CustomConversions       : Adding converter from class org.bson.Document to class org.springframework.data.geo.Polygon as reading converter
2025-01-29T17:47:55.196+01:00 DEBUG 19608 --- [s05t01n01] [    Test worker] o.s.data.convert.CustomConversions       : Adding converter from class org.bson.Document to class org.springframework.data.geo.Circle as reading converter
2025-01-29T17:47:55.196+01:00 DEBUG 19608 --- [s05t01n01] [    Test worker] o.s.data.convert.CustomConversions       : Adding converter from class org.bson.Document to class org.springframework.data.mongodb.core.geo.Sphere as reading converter
2025-01-29T17:47:55.196+01:00 DEBUG 19608 --- [s05t01n01] [    Test worker] o.s.data.convert.CustomConversions       : Adding converter from class org.bson.Document to class org.springframework.data.geo.Point as reading converter
2025-01-29T17:47:55.196+01:00 DEBUG 19608 --- [s05t01n01] [    Test worker] o.s.data.convert.CustomConversions       : Adding converter from class org.springframework.data.geo.Point to class org.bson.Document as writing converter
2025-01-29T17:47:55.197+01:00 DEBUG 19608 --- [s05t01n01] [    Test worker] o.s.data.convert.CustomConversions       : Adding converter from class org.springframework.data.mongodb.core.query.GeoCommand to class org.bson.Document as writing converter
2025-01-29T17:47:55.197+01:00 DEBUG 19608 --- [s05t01n01] [    Test worker] o.s.data.convert.CustomConversions       : Adding converter from interface org.springframework.data.mongodb.core.geo.GeoJson to class org.bson.Document as writing converter
2025-01-29T17:47:55.197+01:00 DEBUG 19608 --- [s05t01n01] [    Test worker] o.s.data.convert.CustomConversions       : Adding converter from class org.springframework.data.mongodb.core.geo.GeoJsonPoint to class org.bson.Document as writing converter
2025-01-29T17:47:55.197+01:00 DEBUG 19608 --- [s05t01n01] [    Test worker] o.s.data.convert.CustomConversions       : Adding converter from class org.springframework.data.mongodb.core.geo.GeoJsonPolygon to class org.bson.Document as writing converter
2025-01-29T17:47:55.197+01:00 DEBUG 19608 --- [s05t01n01] [    Test worker] o.s.data.convert.CustomConversions       : Adding converter from class org.bson.Document to class org.springframework.data.mongodb.core.geo.GeoJsonPoint as reading converter
2025-01-29T17:47:55.197+01:00 DEBUG 19608 --- [s05t01n01] [    Test worker] o.s.data.convert.CustomConversions       : Adding converter from class org.bson.Document to class org.springframework.data.mongodb.core.geo.GeoJsonPolygon as reading converter
2025-01-29T17:47:55.197+01:00 DEBUG 19608 --- [s05t01n01] [    Test worker] o.s.data.convert.CustomConversions       : Adding converter from class org.bson.Document to class org.springframework.data.mongodb.core.geo.GeoJsonLineString as reading converter
2025-01-29T17:47:55.198+01:00 DEBUG 19608 --- [s05t01n01] [    Test worker] o.s.data.convert.CustomConversions       : Adding converter from class org.bson.Document to class org.springframework.data.mongodb.core.geo.GeoJsonMultiLineString as reading converter
2025-01-29T17:47:55.198+01:00 DEBUG 19608 --- [s05t01n01] [    Test worker] o.s.data.convert.CustomConversions       : Adding converter from class org.bson.Document to class org.springframework.data.mongodb.core.geo.GeoJsonMultiPoint as reading converter
2025-01-29T17:47:55.198+01:00 DEBUG 19608 --- [s05t01n01] [    Test worker] o.s.data.convert.CustomConversions       : Adding converter from class org.bson.Document to class org.springframework.data.mongodb.core.geo.GeoJsonMultiPolygon as reading converter
2025-01-29T17:47:55.198+01:00 DEBUG 19608 --- [s05t01n01] [    Test worker] o.s.data.convert.CustomConversions       : Adding converter from class org.bson.Document to class org.springframework.data.mongodb.core.geo.GeoJsonGeometryCollection as reading converter
2025-01-29T17:47:55.198+01:00 DEBUG 19608 --- [s05t01n01] [    Test worker] o.s.data.convert.CustomConversions       : Adding converter from class org.bson.Document to interface org.springframework.data.mongodb.core.geo.GeoJson as reading converter
2025-01-29T17:47:55.199+01:00 DEBUG 19608 --- [s05t01n01] [    Test worker] o.s.data.convert.CustomConversions       : Adding converter from class java.util.Date to class java.time.LocalDateTime as reading converter
2025-01-29T17:47:55.199+01:00 DEBUG 19608 --- [s05t01n01] [    Test worker] o.s.data.convert.CustomConversions       : Adding converter from class java.time.LocalDateTime to class java.util.Date as writing converter
2025-01-29T17:47:55.199+01:00 DEBUG 19608 --- [s05t01n01] [    Test worker] o.s.data.convert.CustomConversions       : Adding converter from class java.util.Date to class java.time.LocalDate as reading converter
2025-01-29T17:47:55.199+01:00 DEBUG 19608 --- [s05t01n01] [    Test worker] o.s.data.convert.CustomConversions       : Adding converter from class java.time.LocalDate to class java.util.Date as writing converter
2025-01-29T17:47:55.199+01:00 DEBUG 19608 --- [s05t01n01] [    Test worker] o.s.data.convert.CustomConversions       : Adding converter from class java.util.Date to class java.time.LocalTime as reading converter
2025-01-29T17:47:55.199+01:00 DEBUG 19608 --- [s05t01n01] [    Test worker] o.s.data.convert.CustomConversions       : Adding converter from class java.time.LocalTime to class java.util.Date as writing converter
2025-01-29T17:47:55.200+01:00 DEBUG 19608 --- [s05t01n01] [    Test worker] o.s.data.convert.CustomConversions       : Adding converter from class java.util.Date to class java.time.Instant as reading converter
2025-01-29T17:47:55.200+01:00 DEBUG 19608 --- [s05t01n01] [    Test worker] o.s.data.convert.CustomConversions       : Adding converter from class java.time.Instant to class java.util.Date as writing converter
2025-01-29T17:47:55.200+01:00 DEBUG 19608 --- [s05t01n01] [    Test worker] o.s.data.convert.CustomConversions       : Skipping converter from class java.time.LocalDateTime to class java.time.Instant as reading converter class java.time.LocalDateTime is not a store supported simple type
2025-01-29T17:47:55.200+01:00 DEBUG 19608 --- [s05t01n01] [    Test worker] o.s.data.convert.CustomConversions       : Skipping converter from class java.time.Instant to class java.time.LocalDateTime as reading converter class java.time.Instant is not a store supported simple type
2025-01-29T17:47:55.200+01:00 DEBUG 19608 --- [s05t01n01] [    Test worker] o.s.data.convert.CustomConversions       : Adding converter from class java.time.ZoneId to class java.lang.String as writing converter
2025-01-29T17:47:55.200+01:00 DEBUG 19608 --- [s05t01n01] [    Test worker] o.s.data.convert.CustomConversions       : Adding converter from class java.lang.String to class java.time.ZoneId as reading converter
2025-01-29T17:47:55.200+01:00 DEBUG 19608 --- [s05t01n01] [    Test worker] o.s.data.convert.CustomConversions       : Adding converter from class java.time.Duration to class java.lang.String as writing converter
2025-01-29T17:47:55.200+01:00 DEBUG 19608 --- [s05t01n01] [    Test worker] o.s.data.convert.CustomConversions       : Adding converter from class java.lang.String to class java.time.Duration as reading converter
2025-01-29T17:47:55.201+01:00 DEBUG 19608 --- [s05t01n01] [    Test worker] o.s.data.convert.CustomConversions       : Adding converter from class java.time.Period to class java.lang.String as writing converter
2025-01-29T17:47:55.201+01:00 DEBUG 19608 --- [s05t01n01] [    Test worker] o.s.data.convert.CustomConversions       : Adding converter from class java.lang.String to class java.time.Period as reading converter
2025-01-29T17:47:55.201+01:00 DEBUG 19608 --- [s05t01n01] [    Test worker] o.s.data.convert.CustomConversions       : Adding converter from class java.lang.String to class java.time.LocalDate as reading converter
2025-01-29T17:47:55.201+01:00  INFO 19608 --- [s05t01n01] [localhost:27017] org.mongodb.driver.cluster               : Monitor thread successfully connected to server with description ServerDescription{address=localhost:27017, type=STANDALONE, cryptd=false, state=CONNECTED, ok=true, minWireVersion=0, maxWireVersion=25, maxDocumentSize=16777216, logicalSessionTimeoutMinutes=30, roundTripTimeNanos=81847000, minRoundTripTimeNanos=0}
2025-01-29T17:47:55.201+01:00 DEBUG 19608 --- [s05t01n01] [    Test worker] o.s.data.convert.CustomConversions       : Adding converter from class java.lang.String to class java.time.LocalDateTime as reading converter
2025-01-29T17:47:55.201+01:00 DEBUG 19608 --- [s05t01n01] [    Test worker] o.s.data.convert.CustomConversions       : Adding converter from class java.lang.String to class java.time.Instant as reading converter
2025-01-29T17:47:55.205+01:00 DEBUG 19608 --- [s05t01n01] [    Test worker] o.s.b.f.s.DefaultListableBeanFactory     : Creating shared instance of singleton bean 'mongoManagedTypes'
2025-01-29T17:47:55.205+01:00 DEBUG 19608 --- [s05t01n01] [    Test worker] o.s.b.f.s.DefaultListableBeanFactory     : Autowiring by type from bean name 'mongoManagedTypes' via factory method to bean named 'org.springframework.boot.web.reactive.context.GenericReactiveWebApplicationContext@6a9d5dff'
2025-01-29T17:47:55.217+01:00 DEBUG 19608 --- [s05t01n01] [    Test worker] o.s.b.f.s.DefaultListableBeanFactory     : Autowiring by type from bean name 'mongoMappingContext' via factory method to bean named 'spring.data.mongodb-org.springframework.boot.autoconfigure.mongo.MongoProperties'
2025-01-29T17:47:55.217+01:00 DEBUG 19608 --- [s05t01n01] [    Test worker] o.s.b.f.s.DefaultListableBeanFactory     : Autowiring by type from bean name 'mongoMappingContext' via factory method to bean named 'mongoCustomConversions'
2025-01-29T17:47:55.217+01:00 DEBUG 19608 --- [s05t01n01] [    Test worker] o.s.b.f.s.DefaultListableBeanFactory     : Autowiring by type from bean name 'mongoMappingContext' via factory method to bean named 'mongoManagedTypes'
2025-01-29T17:47:55.235+01:00 DEBUG 19608 --- [s05t01n01] [    Test worker] o.s.b.f.s.DefaultListableBeanFactory     : Autowiring by type from bean name 'mappingMongoConverter' via factory method to bean named 'mongoMappingContext'
2025-01-29T17:47:55.235+01:00 DEBUG 19608 --- [s05t01n01] [    Test worker] o.s.b.f.s.DefaultListableBeanFactory     : Autowiring by type from bean name 'mappingMongoConverter' via factory method to bean named 'mongoCustomConversions'
2025-01-29T17:47:55.241+01:00 DEBUG 19608 --- [s05t01n01] [    Test worker] o.s.data.convert.CustomConversions       : Adding converter from class java.lang.Character to class java.lang.String as writing converter
2025-01-29T17:47:55.242+01:00 DEBUG 19608 --- [s05t01n01] [    Test worker] o.s.data.convert.CustomConversions       : Adding converter from class java.util.Locale to class java.lang.String as writing converter
2025-01-29T17:47:55.242+01:00 DEBUG 19608 --- [s05t01n01] [    Test worker] o.s.data.convert.CustomConversions       : Adding converter from class java.math.BigDecimal to class java.lang.String as writing converter
2025-01-29T17:47:55.242+01:00 DEBUG 19608 --- [s05t01n01] [    Test worker] o.s.data.convert.CustomConversions       : Adding converter from class java.math.BigDecimal to class org.bson.types.Decimal128 as writing converter
2025-01-29T17:47:55.242+01:00 DEBUG 19608 --- [s05t01n01] [    Test worker] o.s.data.convert.CustomConversions       : Adding converter from class java.lang.String to class java.math.BigDecimal as reading converter
2025-01-29T17:47:55.242+01:00 DEBUG 19608 --- [s05t01n01] [    Test worker] o.s.data.convert.CustomConversions       : Adding converter from class org.bson.types.Decimal128 to class java.math.BigDecimal as reading converter
2025-01-29T17:47:55.242+01:00 DEBUG 19608 --- [s05t01n01] [    Test worker] o.s.data.convert.CustomConversions       : Adding converter from class java.math.BigInteger to class java.lang.String as writing converter
2025-01-29T17:47:55.242+01:00 DEBUG 19608 --- [s05t01n01] [    Test worker] o.s.data.convert.CustomConversions       : Adding converter from class java.lang.String to class java.math.BigInteger as reading converter
2025-01-29T17:47:55.242+01:00 DEBUG 19608 --- [s05t01n01] [    Test worker] o.s.data.convert.CustomConversions       : Adding converter from class java.net.URL to class java.lang.String as writing converter
2025-01-29T17:47:55.242+01:00 DEBUG 19608 --- [s05t01n01] [    Test worker] o.s.data.convert.CustomConversions       : Adding converter from class java.lang.String to class java.net.URL as reading converter
2025-01-29T17:47:55.242+01:00 DEBUG 19608 --- [s05t01n01] [    Test worker] o.s.data.convert.CustomConversions       : Adding converter from class org.bson.Document to class java.lang.String as reading converter
2025-01-29T17:47:55.242+01:00 DEBUG 19608 --- [s05t01n01] [    Test worker] o.s.data.convert.CustomConversions       : Adding converter from class org.springframework.data.mongodb.core.query.Term to class java.lang.String as writing converter
2025-01-29T17:47:55.242+01:00 DEBUG 19608 --- [s05t01n01] [    Test worker] o.s.data.convert.CustomConversions       : Adding converter from class org.springframework.data.mongodb.core.script.NamedMongoScript to class org.bson.Document as writing converter
2025-01-29T17:47:55.242+01:00 DEBUG 19608 --- [s05t01n01] [    Test worker] o.s.data.convert.CustomConversions       : Adding converter from class org.bson.Document to class org.springframework.data.mongodb.core.script.NamedMongoScript as reading converter
2025-01-29T17:47:55.242+01:00 DEBUG 19608 --- [s05t01n01] [    Test worker] o.s.data.convert.CustomConversions       : Adding converter from class java.util.Currency to class java.lang.String as writing converter
2025-01-29T17:47:55.242+01:00 DEBUG 19608 --- [s05t01n01] [    Test worker] o.s.data.convert.CustomConversions       : Adding converter from class java.lang.String to class java.util.Currency as reading converter
2025-01-29T17:47:55.243+01:00 DEBUG 19608 --- [s05t01n01] [    Test worker] o.s.data.convert.CustomConversions       : Adding converter from class java.util.concurrent.atomic.AtomicInteger to class java.lang.Integer as writing converter
2025-01-29T17:47:55.243+01:00 DEBUG 19608 --- [s05t01n01] [    Test worker] o.s.data.convert.CustomConversions       : Adding converter from class java.util.concurrent.atomic.AtomicLong to class java.lang.Long as writing converter
2025-01-29T17:47:55.243+01:00 DEBUG 19608 --- [s05t01n01] [    Test worker] o.s.data.convert.CustomConversions       : Adding converter from class java.lang.Long to class java.util.concurrent.atomic.AtomicLong as reading converter
2025-01-29T17:47:55.244+01:00 DEBUG 19608 --- [s05t01n01] [    Test worker] o.s.data.convert.CustomConversions       : Adding converter from class java.lang.Integer to class java.util.concurrent.atomic.AtomicInteger as reading converter
2025-01-29T17:47:55.244+01:00 DEBUG 19608 --- [s05t01n01] [    Test worker] o.s.data.convert.CustomConversions       : Adding converter from class org.bson.types.Binary to class [B as reading converter
2025-01-29T17:47:55.244+01:00 DEBUG 19608 --- [s05t01n01] [    Test worker] o.s.data.convert.CustomConversions       : Adding converter from class org.bson.BsonTimestamp to class java.time.Instant as reading converter
2025-01-29T17:47:55.244+01:00 DEBUG 19608 --- [s05t01n01] [    Test worker] o.s.data.convert.CustomConversions       : Adding converter from class org.bson.BsonUndefined to class java.lang.Object as reading converter
2025-01-29T17:47:55.244+01:00 DEBUG 19608 --- [s05t01n01] [    Test worker] o.s.data.convert.CustomConversions       : Adding converter from class java.lang.String to class java.net.URI as reading converter
2025-01-29T17:47:55.244+01:00 DEBUG 19608 --- [s05t01n01] [    Test worker] o.s.data.convert.CustomConversions       : Adding converter from class java.net.URI to class java.lang.String as writing converter
2025-01-29T17:47:55.244+01:00 DEBUG 19608 --- [s05t01n01] [    Test worker] o.s.data.convert.CustomConversions       : Adding converter from class org.springframework.data.geo.Box to class org.bson.Document as writing converter
2025-01-29T17:47:55.244+01:00 DEBUG 19608 --- [s05t01n01] [    Test worker] o.s.data.convert.CustomConversions       : Adding converter from class org.springframework.data.geo.Polygon to class org.bson.Document as writing converter
2025-01-29T17:47:55.244+01:00 DEBUG 19608 --- [s05t01n01] [    Test worker] o.s.data.convert.CustomConversions       : Adding converter from class org.springframework.data.geo.Circle to class org.bson.Document as writing converter
2025-01-29T17:47:55.245+01:00 DEBUG 19608 --- [s05t01n01] [    Test worker] o.s.data.convert.CustomConversions       : Adding converter from class org.springframework.data.mongodb.core.geo.Sphere to class org.bson.Document as writing converter
2025-01-29T17:47:55.245+01:00 DEBUG 19608 --- [s05t01n01] [    Test worker] o.s.data.convert.CustomConversions       : Adding converter from class org.bson.Document to class org.springframework.data.geo.Box as reading converter
2025-01-29T17:47:55.245+01:00 DEBUG 19608 --- [s05t01n01] [    Test worker] o.s.data.convert.CustomConversions       : Adding converter from class org.bson.Document to class org.springframework.data.geo.Polygon as reading converter
2025-01-29T17:47:55.245+01:00 DEBUG 19608 --- [s05t01n01] [    Test worker] o.s.data.convert.CustomConversions       : Adding converter from class org.bson.Document to class org.springframework.data.geo.Circle as reading converter
2025-01-29T17:47:55.245+01:00 DEBUG 19608 --- [s05t01n01] [    Test worker] o.s.data.convert.CustomConversions       : Adding converter from class org.bson.Document to class org.springframework.data.mongodb.core.geo.Sphere as reading converter
2025-01-29T17:47:55.245+01:00 DEBUG 19608 --- [s05t01n01] [    Test worker] o.s.data.convert.CustomConversions       : Adding converter from class org.bson.Document to class org.springframework.data.geo.Point as reading converter
2025-01-29T17:47:55.245+01:00 DEBUG 19608 --- [s05t01n01] [    Test worker] o.s.data.convert.CustomConversions       : Adding converter from class org.springframework.data.geo.Point to class org.bson.Document as writing converter
2025-01-29T17:47:55.245+01:00 DEBUG 19608 --- [s05t01n01] [    Test worker] o.s.data.convert.CustomConversions       : Adding converter from class org.springframework.data.mongodb.core.query.GeoCommand to class org.bson.Document as writing converter
2025-01-29T17:47:55.245+01:00 DEBUG 19608 --- [s05t01n01] [    Test worker] o.s.data.convert.CustomConversions       : Adding converter from interface org.springframework.data.mongodb.core.geo.GeoJson to class org.bson.Document as writing converter
2025-01-29T17:47:55.245+01:00 DEBUG 19608 --- [s05t01n01] [    Test worker] o.s.data.convert.CustomConversions       : Adding converter from class org.springframework.data.mongodb.core.geo.GeoJsonPoint to class org.bson.Document as writing converter
2025-01-29T17:47:55.245+01:00 DEBUG 19608 --- [s05t01n01] [    Test worker] o.s.data.convert.CustomConversions       : Adding converter from class org.springframework.data.mongodb.core.geo.GeoJsonPolygon to class org.bson.Document as writing converter
2025-01-29T17:47:55.246+01:00 DEBUG 19608 --- [s05t01n01] [    Test worker] o.s.data.convert.CustomConversions       : Adding converter from class org.bson.Document to class org.springframework.data.mongodb.core.geo.GeoJsonPoint as reading converter
2025-01-29T17:47:55.246+01:00 DEBUG 19608 --- [s05t01n01] [    Test worker] o.s.data.convert.CustomConversions       : Adding converter from class org.bson.Document to class org.springframework.data.mongodb.core.geo.GeoJsonPolygon as reading converter
2025-01-29T17:47:55.246+01:00 DEBUG 19608 --- [s05t01n01] [    Test worker] o.s.data.convert.CustomConversions       : Adding converter from class org.bson.Document to class org.springframework.data.mongodb.core.geo.GeoJsonLineString as reading converter
2025-01-29T17:47:55.246+01:00 DEBUG 19608 --- [s05t01n01] [    Test worker] o.s.data.convert.CustomConversions       : Adding converter from class org.bson.Document to class org.springframework.data.mongodb.core.geo.GeoJsonMultiLineString as reading converter
2025-01-29T17:47:55.246+01:00 DEBUG 19608 --- [s05t01n01] [    Test worker] o.s.data.convert.CustomConversions       : Adding converter from class org.bson.Document to class org.springframework.data.mongodb.core.geo.GeoJsonMultiPoint as reading converter
2025-01-29T17:47:55.246+01:00 DEBUG 19608 --- [s05t01n01] [    Test worker] o.s.data.convert.CustomConversions       : Adding converter from class org.bson.Document to class org.springframework.data.mongodb.core.geo.GeoJsonMultiPolygon as reading converter
2025-01-29T17:47:55.246+01:00 DEBUG 19608 --- [s05t01n01] [    Test worker] o.s.data.convert.CustomConversions       : Adding converter from class org.bson.Document to class org.springframework.data.mongodb.core.geo.GeoJsonGeometryCollection as reading converter
2025-01-29T17:47:55.246+01:00 DEBUG 19608 --- [s05t01n01] [    Test worker] o.s.data.convert.CustomConversions       : Adding converter from class org.bson.Document to interface org.springframework.data.mongodb.core.geo.GeoJson as reading converter
2025-01-29T17:47:55.246+01:00 DEBUG 19608 --- [s05t01n01] [    Test worker] o.s.data.convert.CustomConversions       : Adding converter from class java.util.Date to class java.time.LocalDateTime as reading converter
2025-01-29T17:47:55.246+01:00 DEBUG 19608 --- [s05t01n01] [    Test worker] o.s.data.convert.CustomConversions       : Adding converter from class java.time.LocalDateTime to class java.util.Date as writing converter
2025-01-29T17:47:55.246+01:00 DEBUG 19608 --- [s05t01n01] [    Test worker] o.s.data.convert.CustomConversions       : Adding converter from class java.util.Date to class java.time.LocalDate as reading converter
2025-01-29T17:47:55.247+01:00 DEBUG 19608 --- [s05t01n01] [    Test worker] o.s.data.convert.CustomConversions       : Adding converter from class java.time.LocalDate to class java.util.Date as writing converter
2025-01-29T17:47:55.247+01:00 DEBUG 19608 --- [s05t01n01] [    Test worker] o.s.data.convert.CustomConversions       : Adding converter from class java.util.Date to class java.time.LocalTime as reading converter
2025-01-29T17:47:55.247+01:00 DEBUG 19608 --- [s05t01n01] [    Test worker] o.s.data.convert.CustomConversions       : Adding converter from class java.time.LocalTime to class java.util.Date as writing converter
2025-01-29T17:47:55.247+01:00 DEBUG 19608 --- [s05t01n01] [    Test worker] o.s.data.convert.CustomConversions       : Adding converter from class java.util.Date to class java.time.Instant as reading converter
2025-01-29T17:47:55.247+01:00 DEBUG 19608 --- [s05t01n01] [    Test worker] o.s.data.convert.CustomConversions       : Adding converter from class java.time.Instant to class java.util.Date as writing converter
2025-01-29T17:47:55.247+01:00 DEBUG 19608 --- [s05t01n01] [    Test worker] o.s.data.convert.CustomConversions       : Skipping converter from class java.time.LocalDateTime to class java.time.Instant as reading converter class java.time.LocalDateTime is not a store supported simple type
2025-01-29T17:47:55.247+01:00 DEBUG 19608 --- [s05t01n01] [    Test worker] o.s.data.convert.CustomConversions       : Skipping converter from class java.time.Instant to class java.time.LocalDateTime as reading converter class java.time.Instant is not a store supported simple type
2025-01-29T17:47:55.247+01:00 DEBUG 19608 --- [s05t01n01] [    Test worker] o.s.data.convert.CustomConversions       : Adding converter from class java.time.ZoneId to class java.lang.String as writing converter
2025-01-29T17:47:55.247+01:00 DEBUG 19608 --- [s05t01n01] [    Test worker] o.s.data.convert.CustomConversions       : Adding converter from class java.lang.String to class java.time.ZoneId as reading converter
2025-01-29T17:47:55.248+01:00 DEBUG 19608 --- [s05t01n01] [    Test worker] o.s.data.convert.CustomConversions       : Adding converter from class java.time.Duration to class java.lang.String as writing converter
2025-01-29T17:47:55.248+01:00 DEBUG 19608 --- [s05t01n01] [    Test worker] o.s.data.convert.CustomConversions       : Adding converter from class java.lang.String to class java.time.Duration as reading converter
2025-01-29T17:47:55.248+01:00 DEBUG 19608 --- [s05t01n01] [    Test worker] o.s.data.convert.CustomConversions       : Adding converter from class java.time.Period to class java.lang.String as writing converter
2025-01-29T17:47:55.248+01:00 DEBUG 19608 --- [s05t01n01] [    Test worker] o.s.data.convert.CustomConversions       : Adding converter from class java.lang.String to class java.time.Period as reading converter
2025-01-29T17:47:55.248+01:00 DEBUG 19608 --- [s05t01n01] [    Test worker] o.s.data.convert.CustomConversions       : Adding converter from class java.lang.String to class java.time.LocalDate as reading converter
2025-01-29T17:47:55.248+01:00 DEBUG 19608 --- [s05t01n01] [    Test worker] o.s.data.convert.CustomConversions       : Adding converter from class java.lang.String to class java.time.LocalDateTime as reading converter
2025-01-29T17:47:55.248+01:00 DEBUG 19608 --- [s05t01n01] [    Test worker] o.s.data.convert.CustomConversions       : Adding converter from class java.lang.String to class java.time.Instant as reading converter
2025-01-29T17:47:55.285+01:00 DEBUG 19608 --- [s05t01n01] [    Test worker] o.s.b.f.s.DefaultListableBeanFactory     : Autowiring by type from bean name 'reactiveMongoTemplate' via factory method to bean named 'reactiveMongoDatabaseFactory'
2025-01-29T17:47:55.286+01:00 DEBUG 19608 --- [s05t01n01] [    Test worker] o.s.b.f.s.DefaultListableBeanFactory     : Autowiring by type from bean name 'reactiveMongoTemplate' via factory method to bean named 'mappingMongoConverter'
2025-01-29T17:47:55.340+01:00 DEBUG 19608 --- [s05t01n01] [    Test worker] o.s.d.r.c.s.RepositoryFactorySupport     : Initializing repository instance for cat.itacademy.s05.t01.n01.s05t01n01.repository.GameRepository…
2025-01-29T17:47:55.453+01:00 DEBUG 19608 --- [s05t01n01] [    Test worker] o.s.d.r.c.s.RepositoryFactorySupport     : Finished creation of repository instance for cat.itacademy.s05.t01.n01.s05t01n01.repository.GameRepository.
2025-01-29T17:47:55.455+01:00 DEBUG 19608 --- [s05t01n01] [    Test worker] o.s.b.f.s.DefaultListableBeanFactory     : Creating shared instance of singleton bean 'playerServiceImpl'
2025-01-29T17:47:55.456+01:00 DEBUG 19608 --- [s05t01n01] [    Test worker] o.s.b.f.s.DefaultListableBeanFactory     : Creating shared instance of singleton bean 'playerRepository'
2025-01-29T17:47:55.457+01:00 DEBUG 19608 --- [s05t01n01] [    Test worker] o.s.b.f.s.DefaultListableBeanFactory     : Creating shared instance of singleton bean 'r2dbc.named-queries#0'
2025-01-29T17:47:55.458+01:00 DEBUG 19608 --- [s05t01n01] [    Test worker] o.s.b.f.s.DefaultListableBeanFactory     : Creating shared instance of singleton bean 'r2dbc.PlayerRepository.fragments#0'
2025-01-29T17:47:55.458+01:00 DEBUG 19608 --- [s05t01n01] [    Test worker] o.s.b.f.s.DefaultListableBeanFactory     : Creating shared instance of singleton bean 'r2dbcEntityTemplate'
2025-01-29T17:47:55.458+01:00 DEBUG 19608 --- [s05t01n01] [    Test worker] o.s.b.f.s.DefaultListableBeanFactory     : Creating shared instance of singleton bean 'org.springframework.boot.autoconfigure.data.r2dbc.R2dbcDataAutoConfiguration'
2025-01-29T17:47:55.459+01:00 DEBUG 19608 --- [s05t01n01] [    Test worker] o.s.b.f.s.DefaultListableBeanFactory     : Creating shared instance of singleton bean 'r2dbcDatabaseClient'
2025-01-29T17:47:55.459+01:00 DEBUG 19608 --- [s05t01n01] [    Test worker] o.s.b.f.s.DefaultListableBeanFactory     : Creating shared instance of singleton bean 'org.springframework.boot.autoconfigure.r2dbc.ConnectionFactoryDependentConfiguration'
2025-01-29T17:47:55.459+01:00 DEBUG 19608 --- [s05t01n01] [    Test worker] o.s.b.f.s.DefaultListableBeanFactory     : Creating shared instance of singleton bean 'connectionFactory'
2025-01-29T17:47:55.459+01:00 DEBUG 19608 --- [s05t01n01] [    Test worker] o.s.b.f.s.DefaultListableBeanFactory     : Creating shared instance of singleton bean 'org.springframework.boot.autoconfigure.r2dbc.ConnectionFactoryConfigurations$PoolConfiguration$PooledConnectionFactoryConfiguration'
2025-01-29T17:47:55.460+01:00 DEBUG 19608 --- [s05t01n01] [    Test worker] o.s.b.f.s.DefaultListableBeanFactory     : Creating shared instance of singleton bean 'spring.r2dbc-org.springframework.boot.autoconfigure.r2dbc.R2dbcProperties'
2025-01-29T17:47:55.462+01:00 DEBUG 19608 --- [s05t01n01] [    Test worker] o.s.b.f.s.DefaultListableBeanFactory     : Autowiring by type from bean name 'connectionFactory' via factory method to bean named 'spring.r2dbc-org.springframework.boot.autoconfigure.r2dbc.R2dbcProperties'
2025-01-29T17:47:55.462+01:00 DEBUG 19608 --- [s05t01n01] [    Test worker] o.s.b.f.s.DefaultListableBeanFactory     : Autowiring by type from bean name 'connectionFactory' via factory method to bean named 'org.springframework.boot.web.reactive.context.GenericReactiveWebApplicationContext@6a9d5dff'
2025-01-29T17:47:55.464+01:00 DEBUG 19608 --- [s05t01n01] [    Test worker] o.s.b.f.s.DefaultListableBeanFactory     : Creating shared instance of singleton bean 'propertiesR2dbcConnectionDetails'
2025-01-29T17:47:55.464+01:00 DEBUG 19608 --- [s05t01n01] [    Test worker] o.s.b.f.s.DefaultListableBeanFactory     : Creating shared instance of singleton bean 'org.springframework.boot.autoconfigure.r2dbc.R2dbcAutoConfiguration'
2025-01-29T17:47:55.465+01:00 DEBUG 19608 --- [s05t01n01] [    Test worker] o.s.b.f.s.DefaultListableBeanFactory     : Autowiring by type from bean name 'propertiesR2dbcConnectionDetails' via factory method to bean named 'spring.r2dbc-org.springframework.boot.autoconfigure.r2dbc.R2dbcProperties'
2025-01-29T17:47:55.523+01:00 DEBUG 19608 --- [s05t01n01] [    Test worker] o.s.b.f.s.DefaultListableBeanFactory     : Autowiring by type from bean name 'r2dbcDatabaseClient' via factory method to bean named 'connectionFactory'
2025-01-29T17:47:55.531+01:00 DEBUG 19608 --- [s05t01n01] [    Test worker] o.s.b.f.s.DefaultListableBeanFactory     : Autowiring by type from bean name 'org.springframework.boot.autoconfigure.data.r2dbc.R2dbcDataAutoConfiguration' via constructor to bean named 'r2dbcDatabaseClient'
2025-01-29T17:47:55.549+01:00 DEBUG 19608 --- [s05t01n01] [    Test worker] o.s.b.f.s.DefaultListableBeanFactory     : Creating shared instance of singleton bean 'r2dbcConverter'
2025-01-29T17:47:55.549+01:00 DEBUG 19608 --- [s05t01n01] [    Test worker] o.s.b.f.s.DefaultListableBeanFactory     : Creating shared instance of singleton bean 'r2dbcMappingContext'
2025-01-29T17:47:55.550+01:00 DEBUG 19608 --- [s05t01n01] [    Test worker] o.s.b.f.s.DefaultListableBeanFactory     : Creating shared instance of singleton bean 'r2dbcCustomConversions'
2025-01-29T17:47:55.560+01:00 DEBUG 19608 --- [s05t01n01] [    Test worker] o.s.data.convert.CustomConversions       : Adding converter from class java.lang.Byte to class java.lang.Boolean as reading converter
2025-01-29T17:47:55.561+01:00 DEBUG 19608 --- [s05t01n01] [    Test worker] o.s.data.convert.CustomConversions       : Adding converter from class java.lang.Boolean to class java.lang.Byte as writing converter
2025-01-29T17:47:55.561+01:00 DEBUG 19608 --- [s05t01n01] [    Test worker] o.s.data.convert.CustomConversions       : Adding converter from interface io.r2dbc.spi.Row to class java.lang.Boolean as reading converter
2025-01-29T17:47:55.561+01:00 DEBUG 19608 --- [s05t01n01] [    Test worker] o.s.data.convert.CustomConversions       : Adding converter from interface io.r2dbc.spi.Row to class java.lang.Number as reading converter
2025-01-29T17:47:55.561+01:00 DEBUG 19608 --- [s05t01n01] [    Test worker] o.s.data.convert.CustomConversions       : Adding converter from interface io.r2dbc.spi.Row to class java.time.LocalDate as reading converter
2025-01-29T17:47:55.561+01:00 DEBUG 19608 --- [s05t01n01] [    Test worker] o.s.data.convert.CustomConversions       : Adding converter from interface io.r2dbc.spi.Row to class java.time.LocalDateTime as reading converter
2025-01-29T17:47:55.561+01:00 DEBUG 19608 --- [s05t01n01] [    Test worker] o.s.data.convert.CustomConversions       : Adding converter from interface io.r2dbc.spi.Row to class java.time.LocalTime as reading converter
2025-01-29T17:47:55.561+01:00 DEBUG 19608 --- [s05t01n01] [    Test worker] o.s.data.convert.CustomConversions       : Adding converter from interface io.r2dbc.spi.Row to class java.time.OffsetDateTime as reading converter
2025-01-29T17:47:55.561+01:00 DEBUG 19608 --- [s05t01n01] [    Test worker] o.s.data.convert.CustomConversions       : Adding converter from interface io.r2dbc.spi.Row to class java.lang.String as reading converter
2025-01-29T17:47:55.561+01:00 DEBUG 19608 --- [s05t01n01] [    Test worker] o.s.data.convert.CustomConversions       : Adding converter from interface io.r2dbc.spi.Row to class java.util.UUID as reading converter
2025-01-29T17:47:55.561+01:00 DEBUG 19608 --- [s05t01n01] [    Test worker] o.s.data.convert.CustomConversions       : Adding converter from interface io.r2dbc.spi.Row to class java.time.ZonedDateTime as reading converter
2025-01-29T17:47:55.561+01:00 DEBUG 19608 --- [s05t01n01] [    Test worker] o.s.data.convert.CustomConversions       : Adding converter from class java.util.Date to class java.time.LocalDateTime as reading converter
2025-01-29T17:47:55.561+01:00 DEBUG 19608 --- [s05t01n01] [    Test worker] o.s.data.convert.CustomConversions       : Adding converter from class java.time.LocalDateTime to class java.util.Date as writing converter
2025-01-29T17:47:55.561+01:00 DEBUG 19608 --- [s05t01n01] [    Test worker] o.s.data.convert.CustomConversions       : Adding converter from class java.util.Date to class java.time.LocalDate as reading converter
2025-01-29T17:47:55.562+01:00 DEBUG 19608 --- [s05t01n01] [    Test worker] o.s.data.convert.CustomConversions       : Adding converter from class java.time.LocalDate to class java.util.Date as writing converter
2025-01-29T17:47:55.562+01:00 DEBUG 19608 --- [s05t01n01] [    Test worker] o.s.data.convert.CustomConversions       : Adding converter from class java.util.Date to class java.time.LocalTime as reading converter
2025-01-29T17:47:55.562+01:00 DEBUG 19608 --- [s05t01n01] [    Test worker] o.s.data.convert.CustomConversions       : Adding converter from class java.time.LocalTime to class java.util.Date as writing converter
2025-01-29T17:47:55.562+01:00 DEBUG 19608 --- [s05t01n01] [    Test worker] o.s.data.convert.CustomConversions       : Adding converter from class java.util.Date to class java.time.Instant as reading converter
2025-01-29T17:47:55.562+01:00 DEBUG 19608 --- [s05t01n01] [    Test worker] o.s.data.convert.CustomConversions       : Adding converter from class java.time.Instant to class java.util.Date as writing converter
2025-01-29T17:47:55.562+01:00 DEBUG 19608 --- [s05t01n01] [    Test worker] o.s.data.convert.CustomConversions       : Adding converter from class java.time.LocalDateTime to class java.time.Instant as reading converter
2025-01-29T17:47:55.562+01:00 DEBUG 19608 --- [s05t01n01] [    Test worker] o.s.data.convert.CustomConversions       : Adding converter from class java.time.Instant to class java.time.LocalDateTime as reading converter
2025-01-29T17:47:55.562+01:00 DEBUG 19608 --- [s05t01n01] [    Test worker] o.s.data.convert.CustomConversions       : Adding converter from class java.time.ZoneId to class java.lang.String as writing converter
2025-01-29T17:47:55.562+01:00 DEBUG 19608 --- [s05t01n01] [    Test worker] o.s.data.convert.CustomConversions       : Adding converter from class java.lang.String to class java.time.ZoneId as reading converter
2025-01-29T17:47:55.562+01:00 DEBUG 19608 --- [s05t01n01] [    Test worker] o.s.data.convert.CustomConversions       : Adding converter from class java.time.Duration to class java.lang.String as writing converter
2025-01-29T17:47:55.562+01:00 DEBUG 19608 --- [s05t01n01] [    Test worker] o.s.data.convert.CustomConversions       : Adding converter from class java.lang.String to class java.time.Duration as reading converter
2025-01-29T17:47:55.562+01:00 DEBUG 19608 --- [s05t01n01] [    Test worker] o.s.data.convert.CustomConversions       : Adding converter from class java.time.Period to class java.lang.String as writing converter
2025-01-29T17:47:55.562+01:00 DEBUG 19608 --- [s05t01n01] [    Test worker] o.s.data.convert.CustomConversions       : Adding converter from class java.lang.String to class java.time.Period as reading converter
2025-01-29T17:47:55.562+01:00 DEBUG 19608 --- [s05t01n01] [    Test worker] o.s.data.convert.CustomConversions       : Adding converter from class java.lang.String to class java.time.LocalDate as reading converter
2025-01-29T17:47:55.562+01:00 DEBUG 19608 --- [s05t01n01] [    Test worker] o.s.data.convert.CustomConversions       : Adding converter from class java.lang.String to class java.time.LocalDateTime as reading converter
2025-01-29T17:47:55.562+01:00 DEBUG 19608 --- [s05t01n01] [    Test worker] o.s.data.convert.CustomConversions       : Adding converter from class java.lang.String to class java.time.Instant as reading converter
2025-01-29T17:47:55.563+01:00 DEBUG 19608 --- [s05t01n01] [    Test worker] o.s.b.f.s.DefaultListableBeanFactory     : Creating shared instance of singleton bean 'r2dbcManagedTypes'
2025-01-29T17:47:55.563+01:00 DEBUG 19608 --- [s05t01n01] [    Test worker] o.s.b.f.s.DefaultListableBeanFactory     : Autowiring by type from bean name 'r2dbcManagedTypes' via factory method to bean named 'org.springframework.boot.web.reactive.context.GenericReactiveWebApplicationContext@6a9d5dff'
2025-01-29T17:47:55.567+01:00 DEBUG 19608 --- [s05t01n01] [    Test worker] ssPathScanningCandidateComponentProvider : Identified candidate component class: file [C:\Users\tk1mr\Desktop\BlackJack\s05t01n01\build\classes\java\main\cat\itacademy\s05\t01\n01\s05t01n01\model\Player.class]
2025-01-29T17:47:55.568+01:00 DEBUG 19608 --- [s05t01n01] [    Test worker] o.s.b.f.s.DefaultListableBeanFactory     : Autowiring by type from bean name 'r2dbcMappingContext' via factory method to bean named 'r2dbcCustomConversions'
2025-01-29T17:47:55.568+01:00 DEBUG 19608 --- [s05t01n01] [    Test worker] o.s.b.f.s.DefaultListableBeanFactory     : Autowiring by type from bean name 'r2dbcMappingContext' via factory method to bean named 'r2dbcManagedTypes'
2025-01-29T17:47:55.579+01:00 DEBUG 19608 --- [s05t01n01] [    Test worker] o.s.b.f.s.DefaultListableBeanFactory     : Autowiring by type from bean name 'r2dbcConverter' via factory method to bean named 'r2dbcMappingContext'
2025-01-29T17:47:55.579+01:00 DEBUG 19608 --- [s05t01n01] [    Test worker] o.s.b.f.s.DefaultListableBeanFactory     : Autowiring by type from bean name 'r2dbcConverter' via factory method to bean named 'r2dbcCustomConversions'
2025-01-29T17:47:55.586+01:00 DEBUG 19608 --- [s05t01n01] [    Test worker] o.s.b.f.s.DefaultListableBeanFactory     : Autowiring by type from bean name 'r2dbcEntityTemplate' via factory method to bean named 'r2dbcConverter'
2025-01-29T17:47:55.605+01:00 DEBUG 19608 --- [s05t01n01] [    Test worker] o.s.d.r.c.s.RepositoryFactorySupport     : Initializing repository instance for cat.itacademy.s05.t01.n01.s05t01n01.repository.PlayerRepository…
2025-01-29T17:47:55.619+01:00 DEBUG 19608 --- [s05t01n01] [    Test worker] o.s.d.r.c.s.RepositoryFactorySupport     : Finished creation of repository instance for cat.itacademy.s05.t01.n01.s05t01n01.repository.PlayerRepository.
2025-01-29T17:47:55.622+01:00 DEBUG 19608 --- [s05t01n01] [    Test worker] o.s.b.f.s.DefaultListableBeanFactory     : Autowiring by type from bean name 'playerServiceImpl' via constructor to bean named 'playerRepository'
2025-01-29T17:47:55.623+01:00 DEBUG 19608 --- [s05t01n01] [    Test worker] o.s.b.f.s.DefaultListableBeanFactory     : Autowiring by type from bean name 'gameServiceImpl' via constructor to bean named 'gameRepository'
2025-01-29T17:47:55.623+01:00 DEBUG 19608 --- [s05t01n01] [    Test worker] o.s.b.f.s.DefaultListableBeanFactory     : Autowiring by type from bean name 'gameServiceImpl' via constructor to bean named 'playerServiceImpl'
2025-01-29T17:47:55.623+01:00 DEBUG 19608 --- [s05t01n01] [    Test worker] o.s.b.f.s.DefaultListableBeanFactory     : Autowiring by type from bean name 'gameServiceImpl' via constructor to bean named 'playerRepository'
2025-01-29T17:47:55.624+01:00 DEBUG 19608 --- [s05t01n01] [    Test worker] o.s.b.f.s.DefaultListableBeanFactory     : Creating shared instance of singleton bean 'logicServiceImpl'
2025-01-29T17:47:55.628+01:00 DEBUG 19608 --- [s05t01n01] [    Test worker] o.s.b.f.s.DefaultListableBeanFactory     : Autowiring by type from bean name 'gameController' via constructor to bean named 'gameServiceImpl'
2025-01-29T17:47:55.628+01:00 DEBUG 19608 --- [s05t01n01] [    Test worker] o.s.b.f.s.DefaultListableBeanFactory     : Autowiring by type from bean name 'gameController' via constructor to bean named 'playerServiceImpl'
2025-01-29T17:47:55.628+01:00 DEBUG 19608 --- [s05t01n01] [    Test worker] o.s.b.f.s.DefaultListableBeanFactory     : Autowiring by type from bean name 'gameController' via constructor to bean named 'logicServiceImpl'
2025-01-29T17:47:55.629+01:00 DEBUG 19608 --- [s05t01n01] [    Test worker] o.s.b.f.s.DefaultListableBeanFactory     : Creating shared instance of singleton bean 'playerController'
2025-01-29T17:47:55.630+01:00 DEBUG 19608 --- [s05t01n01] [    Test worker] o.s.b.f.s.DefaultListableBeanFactory     : Autowiring by type from bean name 'playerController' via constructor to bean named 'playerServiceImpl'
2025-01-29T17:47:55.631+01:00 DEBUG 19608 --- [s05t01n01] [    Test worker] o.s.b.f.s.DefaultListableBeanFactory     : Creating shared instance of singleton bean 'globalExceptionHandler'
2025-01-29T17:47:55.633+01:00 DEBUG 19608 --- [s05t01n01] [    Test worker] o.s.b.f.s.DefaultListableBeanFactory     : Creating shared instance of singleton bean 'customOpenAPI'
2025-01-29T17:47:55.639+01:00 DEBUG 19608 --- [s05t01n01] [    Test worker] o.s.b.f.s.DefaultListableBeanFactory     : Creating shared instance of singleton bean 'org.springframework.boot.autoconfigure.context.PropertyPlaceholderAutoConfiguration'
2025-01-29T17:47:55.640+01:00 DEBUG 19608 --- [s05t01n01] [    Test worker] o.s.b.f.s.DefaultListableBeanFactory     : Creating shared instance of singleton bean 'org.springframework.boot.autoconfigure.reactor.netty.ReactorNettyConfigurations$ReactorResourceFactoryConfiguration'
2025-01-29T17:47:55.640+01:00 DEBUG 19608 --- [s05t01n01] [    Test worker] o.s.b.f.s.DefaultListableBeanFactory     : Creating shared instance of singleton bean 'reactorResourceFactory'
2025-01-29T17:47:55.640+01:00 DEBUG 19608 --- [s05t01n01] [    Test worker] o.s.b.f.s.DefaultListableBeanFactory     : Creating shared instance of singleton bean 'spring.reactor.netty-org.springframework.boot.autoconfigure.reactor.netty.ReactorNettyProperties'
2025-01-29T17:47:55.641+01:00 DEBUG 19608 --- [s05t01n01] [    Test worker] o.s.b.f.s.DefaultListableBeanFactory     : Autowiring by type from bean name 'reactorResourceFactory' via factory method to bean named 'spring.reactor.netty-org.springframework.boot.autoconfigure.reactor.netty.ReactorNettyProperties'
2025-01-29T17:47:55.642+01:00 DEBUG 19608 --- [s05t01n01] [    Test worker] o.s.b.f.s.DefaultListableBeanFactory     : Creating shared instance of singleton bean 'org.springframework.boot.autoconfigure.web.reactive.ReactiveWebServerFactoryConfiguration$EmbeddedNetty'
[...]
      Matched:
         - @ConditionalOnClass found required class 'org.springframework.web.client.RestTemplate' (OnClassCondition)

   Saml2RelyingPartyAutoConfiguration:
      Did not match:
         - @ConditionalOnClass did not find required class 'org.springframework.security.saml2.provider.service.registration.RelyingPartyRegistrationRepository' (OnClassCondition)

   SecurityAutoConfiguration:
      Did not match:
         - @ConditionalOnClass did not find required class 'org.springframework.security.authentication.DefaultAuthenticationEventPublisher' (OnClassCondition)

   SecurityFilterAutoConfiguration:
      Did not match:
         - @ConditionalOnClass did not find required class 'org.springframework.security.config.http.SessionCreationPolicy' (OnClassCondition)

   SendGridAutoConfiguration:
      Did not match:
         - @ConditionalOnClass did not find required class 'com.sendgrid.SendGrid' (OnClassCondition)

   ServletWebServerFactoryAutoConfiguration:
      Did not match:
         - @ConditionalOnClass did not find required class 'jakarta.servlet.ServletRequest' (OnClassCondition)

   SessionAutoConfiguration:
      Did not match:
         - @ConditionalOnClass did not find required class 'org.springframework.session.Session' (OnClassCondition)

   SpringApplicationAdminJmxAutoConfiguration:
      Did not match:
         - @ConditionalOnProperty (spring.application.admin.enabled=true) did not find property 'enabled' (OnPropertyCondition)

   SpringDataWebAutoConfiguration:
      Did not match:
         - @ConditionalOnClass did not find required class 'org.springframework.web.servlet.config.annotation.WebMvcConfigurer' (OnClassCondition)

   SpringDocConfiguration#propertiesResolverForSchema:
      Did not match:
         - @ConditionalOnProperty (springdoc.api-docs.resolve-schema-properties) did not find property 'springdoc.api-docs.resolve-schema-properties' (OnPropertyCondition)

   SpringDocConfiguration#propertyCustomizingConverter:
      Did not match:
         - @ConditionalOnBean (types: org.springdoc.core.customizers.PropertyCustomizer; SearchStrategy: all) did not find any beans of type org.springdoc.core.customizers.PropertyCustomizer (OnBeanCondition)

   SpringDocConfiguration#springdocBeanFactoryPostProcessor:
      Did not match:
         - AnyNestedCondition 0 matched 2 did not; NestedCondition on CacheOrGroupedOpenApiCondition.OnCacheDisabled found non-matching nested conditions @ConditionalOnProperty (springdoc.cache.disabled) did not find property 'springdoc.cache.disabled'; NestedCondition on CacheOrGroupedOpenApiCondition.OnMultipleOpenApiSupportCondition AnyNestedCondition 0 matched 2 did not; NestedCondition on MultipleOpenApiSupportCondition.OnActuatorDifferentPort @ConditionalOnProperty (springdoc.show-actuator) did not find property 'springdoc.show-actuator'; NestedCondition on MultipleOpenApiSupportCondition.OnMultipleOpenApiSupportCondition AnyNestedCondition 0 matched 3 did not; NestedCondition on MultipleOpenApiGroupsCondition.OnListGroupedOpenApiBean @ConditionalOnBean (types: org.springdoc.core.models.GroupedOpenApi; SearchStrategy: all) did not find any beans of type org.springdoc.core.models.GroupedOpenApi; NestedCondition on MultipleOpenApiGroupsCondition.OnGroupConfigProperty @ConditionalOnProperty (springdoc.group-configs[0].group) did not find property 'springdoc.group-configs[0].group'; NestedCondition on MultipleOpenApiGroupsCondition.OnGroupedOpenApiBean @ConditionalOnBean (types: org.springdoc.core.models.GroupedOpenApi; SearchStrategy: all) did not find any beans of type org.springdoc.core.models.GroupedOpenApi (CacheOrGroupedOpenApiCondition)
      Matched:
         - @ConditionalOnClass found required class 'org.springframework.boot.context.properties.bind.BindResult' (OnClassCondition)

   SpringDocConfiguration#springdocBeanFactoryPostProcessor2:
      Did not match:
         - @ConditionalOnMissingClass found unwanted class 'org.springframework.boot.context.properties.bind.BindResult' (OnClassCondition)

   SpringDocConfiguration.SpringDocActuatorConfiguration:
      Did not match:
         - @ConditionalOnClass did not find required class 'org.springframework.boot.actuate.autoconfigure.endpoint.web.WebEndpointProperties' (OnClassCondition)

   SpringDocConfiguration.SpringDocRepositoryRestConfiguration:
      Did not match:
         - @ConditionalOnClass did not find required class 'org.springframework.data.rest.core.config.RepositoryRestConfiguration' (OnClassCondition)

   SpringDocDataRestConfiguration:
      Did not match:
         - @ConditionalOnClass did not find required class 'org.springframework.data.rest.core.config.RepositoryRestConfiguration' (OnClassCondition)

   SpringDocFunctionCatalogConfiguration:
      Did not match:
         - @ConditionalOnClass did not find required class 'org.springframework.cloud.function.web.function.FunctionEndpointInitializer' (OnClassCondition)

   SpringDocGroovyConfiguration:
      Did not match:
         - @ConditionalOnClass did not find required class 'groovy.lang.MetaClass' (OnClassCondition)

   SpringDocHateoasConfiguration:
      Did not match:
         - @ConditionalOnClass did not find required class 'org.springframework.hateoas.server.LinkRelationProvider' (OnClassCondition)

   SpringDocJacksonKotlinModuleConfiguration:
      Did not match:
         - @ConditionalOnClass did not find required class 'com.fasterxml.jackson.module.kotlin.KotlinModule' (OnClassCondition)

   SpringDocJavadocConfiguration:
      Did not match:
         - @ConditionalOnClass did not find required class 'com.github.therapi.runtimejavadoc.CommentFormatter' (OnClassCondition)

   SpringDocKotlinConfiguration:
      Did not match:
         - @ConditionalOnClass did not find required class 'kotlin.coroutines.Continuation' (OnClassCondition)

   SpringDocKotlinxConfiguration:
      Did not match:
         - @ConditionalOnClass did not find required class 'kotlinx.coroutines.flow.Flow' (OnClassCondition)

   SpringDocSecurityConfiguration:
      Did not match:
         - @ConditionalOnClass did not find required class 'org.springframework.security.web.SecurityFilterChain' (OnClassCondition)

   SpringDocSortConfiguration#dataRestDelegatingMethodParameterCustomizer:
      Did not match:
         - @ConditionalOnMissingBean (types: org.springdoc.core.customizers.DataRestDelegatingMethodParameterCustomizer; SearchStrategy: all) found beans of type 'org.springdoc.core.customizers.DataRestDelegatingMethodParameterCustomizer' dataRestDelegatingMethodParameterCustomizer (OnBeanCondition)

   SpringDocWebFluxConfiguration.SpringDocWebFluxActuatorConfiguration:
      Did not match:
         - @ConditionalOnClass did not find required class 'org.springframework.boot.actuate.endpoint.web.reactive.WebFluxEndpointHandlerMapping' (OnClassCondition)

   SwaggerConfig#springWebProvider:
      Did not match:
         - @ConditionalOnMissingBean (types: org.springdoc.core.providers.SpringWebProvider; SearchStrategy: all) found beans of type 'org.springdoc.core.providers.SpringWebProvider' springWebProvider (OnBeanCondition)

   SwaggerConfig#swaggerUiHome:
      Did not match:
         - @ConditionalOnProperty (springdoc.swagger-ui.use-root-path=true) did not find property 'springdoc.swagger-ui.use-root-path' (OnPropertyCondition)

   SwaggerConfig.SwaggerActuatorWelcomeConfiguration:
      Did not match:
         - @ConditionalOnClass did not find required class 'org.springframework.boot.actuate.endpoint.web.reactive.WebFluxEndpointHandlerMapping' (OnClassCondition)

   TaskExecutorConfigurations.SimpleAsyncTaskExecutorBuilderConfiguration#simpleAsyncTaskExecutorBuilderVirtualThreads:
      Did not match:
         - @ConditionalOnMissingBean (types: org.springframework.boot.task.SimpleAsyncTaskExecutorBuilder; SearchStrategy: all) found beans of type 'org.springframework.boot.task.SimpleAsyncTaskExecutorBuilder' simpleAsyncTaskExecutorBuilder (OnBeanCondition)

   TaskExecutorConfigurations.TaskExecutorConfiguration#applicationTaskExecutorVirtualThreads:
      Did not match:
         - @ConditionalOnThreading did not find VIRTUAL (OnThreadingCondition)

   TaskSchedulingAutoConfiguration#scheduledBeanLazyInitializationExcludeFilter:
      Did not match:
         - @ConditionalOnBean (names: org.springframework.context.annotation.internalScheduledAnnotationProcessor; SearchStrategy: all) did not find any beans named org.springframework.context.annotation.internalScheduledAnnotationProcessor (OnBeanCondition)

   TaskSchedulingConfigurations.SimpleAsyncTaskSchedulerBuilderConfiguration#simpleAsyncTaskSchedulerBuilderVirtualThreads:
      Did not match:
         - @ConditionalOnMissingBean (types: org.springframework.boot.task.SimpleAsyncTaskSchedulerBuilder; SearchStrategy: all) found beans of type 'org.springframework.boot.task.SimpleAsyncTaskSchedulerBuilder' simpleAsyncTaskSchedulerBuilder (OnBeanCondition)

   TaskSchedulingConfigurations.TaskSchedulerConfiguration:
      Did not match:
         - @ConditionalOnBean (names: org.springframework.context.annotation.internalScheduledAnnotationProcessor; SearchStrategy: all) did not find any beans named org.springframework.context.annotation.internalScheduledAnnotationProcessor (OnBeanCondition)

   ThymeleafAutoConfiguration:
      Did not match:
         - @ConditionalOnClass did not find required class 'org.thymeleaf.spring6.SpringTemplateEngine' (OnClassCondition)

   TransactionAutoConfiguration.AspectJTransactionManagementConfiguration:
      Did not match:
         - @ConditionalOnBean (types: org.springframework.transaction.aspectj.AbstractTransactionAspect; SearchStrategy: all) did not find any beans of type org.springframework.transaction.aspectj.AbstractTransactionAspect (OnBeanCondition)

   TransactionAutoConfiguration.EnableTransactionManagementConfiguration.JdkDynamicAutoProxyConfiguration:
      Did not match:
         - @ConditionalOnProperty (spring.aop.proxy-target-class=false) did not find property 'proxy-target-class' (OnPropertyCondition)

   TransactionAutoConfiguration.TransactionTemplateConfiguration:
      Did not match:
         - @ConditionalOnSingleCandidate (types: org.springframework.transaction.PlatformTransactionManager; SearchStrategy: all) did not find any beans (OnBeanCondition)

   UserDetailsServiceAutoConfiguration:
      Did not match:
         - @ConditionalOnClass did not find required class 'org.springframework.security.authentication.AuthenticationManager' (OnClassCondition)

   WebFluxAutoConfiguration#hiddenHttpMethodFilter:
      Did not match:
         - @ConditionalOnProperty (spring.webflux.hiddenmethod.filter.enabled) did not find property 'enabled' (OnPropertyCondition)

   WebFluxAutoConfiguration.ProblemDetailsErrorHandlingConfiguration:
      Did not match:
         - @ConditionalOnProperty (spring.webflux.problemdetails.enabled=true) did not find property 'enabled' (OnPropertyCondition)

   WebMvcAutoConfiguration:
      Did not match:
         - @ConditionalOnClass did not find required class 'jakarta.servlet.Servlet' (OnClassCondition)

   WebServiceTemplateAutoConfiguration:
      Did not match:
         - @ConditionalOnClass did not find required class 'org.springframework.oxm.Marshaller' (OnClassCondition)

   WebServicesAutoConfiguration:
      Did not match:
         - @ConditionalOnClass did not find required class 'org.springframework.ws.transport.http.MessageDispatcherServlet' (OnClassCondition)

   WebSocketMessagingAutoConfiguration:
      Did not match:
         - @ConditionalOnClass did not find required class 'org.springframework.web.socket.config.annotation.WebSocketMessageBrokerConfigurer' (OnClassCondition)

   WebSocketReactiveAutoConfiguration:
      Did not match:
         - @ConditionalOnClass did not find required class 'jakarta.servlet.Servlet' (OnClassCondition)

   WebSocketServletAutoConfiguration:
      Did not match:
         - @ConditionalOnClass did not find required class 'jakarta.servlet.Servlet' (OnClassCondition)

   XADataSourceAutoConfiguration:
      Did not match:
         - @ConditionalOnBean (types: org.springframework.boot.jdbc.XADataSourceWrapper; SearchStrategy: all) did not find any beans of type org.springframework.boot.jdbc.XADataSourceWrapper (OnBeanCondition)
      Matched:
         - @ConditionalOnClass found required classes 'javax.sql.DataSource', 'jakarta.transaction.TransactionManager', 'org.springframework.jdbc.datasource.embedded.EmbeddedDatabaseType' (OnClassCondition)


Exclusions:
-----------

    None


Unconditional classes:
----------------------

    org.springframework.boot.autoconfigure.context.ConfigurationPropertiesAutoConfiguration

    org.springframework.boot.autoconfigure.ssl.SslAutoConfiguration

    org.springframework.boot.autoconfigure.context.PropertyPlaceholderAutoConfiguration

    org.springframework.boot.autoconfigure.context.LifecycleAutoConfiguration

    org.springdoc.core.configuration.SpringDocSpecPropertiesConfiguration

    org.springframework.boot.autoconfigure.availability.ApplicationAvailabilityAutoConfiguration

    org.springframework.boot.autoconfigure.info.ProjectInfoAutoConfiguration



2025-01-29T17:47:56.222+01:00  INFO 19608 --- [s05t01n01] [    Test worker] c.i.s.t.n.s.S05t01n01ApplicationTests    : Started S05t01n01ApplicationTests in 2.811 seconds (process running for 3.868)
2025-01-29T17:47:56.224+01:00 DEBUG 19608 --- [s05t01n01] [    Test worker] o.s.b.a.ApplicationAvailabilityBean      : Application availability state LivenessState changed to CORRECT
2025-01-29T17:47:56.226+01:00 DEBUG 19608 --- [s05t01n01] [    Test worker] o.s.b.a.ApplicationAvailabilityBean      : Application availability state ReadinessState changed to ACCEPTING_TRAFFIC
2025-01-29T17:47:56.228+01:00 DEBUG 19608 --- [s05t01n01] [    Test worker] org.springframework.test.context.cache   : Spring test ApplicationContext cache statistics: [DefaultContextCache@225ac5e7 size = 1, maxSize = 32, parentContextCount = 0, hitCount = 0, missCount = 1, failureCount = 0]
2025-01-29T17:47:56.229+01:00 DEBUG 19608 --- [s05t01n01] [    Test worker] org.springframework.test.context.cache   : Spring test ApplicationContext cache statistics: [DefaultContextCache@225ac5e7 size = 1, maxSize = 32, parentContextCount = 0, hitCount = 1, missCount = 1, failureCount = 0]
2025-01-29T17:47:56.231+01:00 DEBUG 19608 --- [s05t01n01] [    Test worker] sContextBeforeModesTestExecutionListener : Before test method: class [S05t01n01ApplicationTests], method [contextLoads], class annotated with @DirtiesContext [false] with mode [null], method annotated with @DirtiesContext [false] with mode [null]
2025-01-29T17:47:56.232+01:00 DEBUG 19608 --- [s05t01n01] [    Test worker] org.springframework.test.context.cache   : Spring test ApplicationContext cache statistics: [DefaultContextCache@225ac5e7 size = 1, maxSize = 32, parentContextCount = 0, hitCount = 2, missCount = 1, failureCount = 0]
2025-01-29T17:47:56.233+01:00 DEBUG 19608 --- [s05t01n01] [    Test worker] org.springframework.test.context.cache   : Spring test ApplicationContext cache statistics: [DefaultContextCache@225ac5e7 size = 1, maxSize = 32, parentContextCount = 0, hitCount = 3, missCount = 1, failureCount = 0]
2025-01-29T17:47:56.772+01:00 DEBUG 19608 --- [s05t01n01] [    Test worker] org.springframework.test.context.cache   : Spring test ApplicationContext cache statistics: [DefaultContextCache@225ac5e7 size = 1, maxSize = 32, parentContextCount = 0, hitCount = 4, missCount = 1, failureCount = 0]
2025-01-29T17:47:56.775+01:00 DEBUG 19608 --- [s05t01n01] [    Test worker] org.springframework.test.context.cache   : Spring test ApplicationContext cache statistics: [DefaultContextCache@225ac5e7 size = 1, maxSize = 32, parentContextCount = 0, hitCount = 5, missCount = 1, failureCount = 0]
2025-01-29T17:47:56.779+01:00 DEBUG 19608 --- [s05t01n01] [    Test worker] org.springframework.test.context.cache   : Spring test ApplicationContext cache statistics: [DefaultContextCache@225ac5e7 size = 1, maxSize = 32, parentContextCount = 0, hitCount = 6, missCount = 1, failureCount = 0]
2025-01-29T17:47:56.779+01:00 DEBUG 19608 --- [s05t01n01] [    Test worker] org.springframework.test.context.cache   : Spring test ApplicationContext cache statistics: [DefaultContextCache@225ac5e7 size = 1, maxSize = 32, parentContextCount = 0, hitCount = 7, missCount = 1, failureCount = 0]
2025-01-29T17:47:56.780+01:00 DEBUG 19608 --- [s05t01n01] [    Test worker] org.springframework.test.context.cache   : Spring test ApplicationContext cache statistics: [DefaultContextCache@225ac5e7 size = 1, maxSize = 32, parentContextCount = 0, hitCount = 8, missCount = 1, failureCount = 0]
2025-01-29T17:47:56.781+01:00 DEBUG 19608 --- [s05t01n01] [    Test worker] org.springframework.test.context.cache   : Spring test ApplicationContext cache statistics: [DefaultContextCache@225ac5e7 size = 1, maxSize = 32, parentContextCount = 0, hitCount = 9, missCount = 1, failureCount = 0]
2025-01-29T17:47:56.781+01:00 DEBUG 19608 --- [s05t01n01] [    Test worker] org.springframework.test.context.cache   : Spring test ApplicationContext cache statistics: [DefaultContextCache@225ac5e7 size = 1, maxSize = 32, parentContextCount = 0, hitCount = 10, missCount = 1, failureCount = 0]
2025-01-29T17:47:56.781+01:00 DEBUG 19608 --- [s05t01n01] [    Test worker] org.springframework.test.context.cache   : Spring test ApplicationContext cache statistics: [DefaultContextCache@225ac5e7 size = 1, maxSize = 32, parentContextCount = 0, hitCount = 11, missCount = 1, failureCount = 0]
2025-01-29T17:47:56.782+01:00 DEBUG 19608 --- [s05t01n01] [    Test worker] org.springframework.test.context.cache   : Spring test ApplicationContext cache statistics: [DefaultContextCache@225ac5e7 size = 1, maxSize = 32, parentContextCount = 0, hitCount = 12, missCount = 1, failureCount = 0]
2025-01-29T17:47:56.782+01:00 DEBUG 19608 --- [s05t01n01] [    Test worker] .c.s.DirtiesContextTestExecutionListener : After test method: class [S05t01n01ApplicationTests], method [contextLoads], class annotated with @DirtiesContext [false] with mode [null], method annotated with @DirtiesContext [false] with mode [null]
2025-01-29T17:47:56.790+01:00 DEBUG 19608 --- [s05t01n01] [    Test worker] org.springframework.test.context.cache   : Spring test ApplicationContext cache statistics: [DefaultContextCache@225ac5e7 size = 1, maxSize = 32, parentContextCount = 0, hitCount = 13, missCount = 1, failureCount = 0]
2025-01-29T17:47:56.790+01:00 DEBUG 19608 --- [s05t01n01] [    Test worker] org.springframework.test.context.cache   : Spring test ApplicationContext cache statistics: [DefaultContextCache@225ac5e7 size = 1, maxSize = 32, parentContextCount = 0, hitCount = 14, missCount = 1, failureCount = 0]
2025-01-29T17:47:56.790+01:00 DEBUG 19608 --- [s05t01n01] [    Test worker] .c.s.DirtiesContextTestExecutionListener : After test class: class [S05t01n01ApplicationTests], class annotated with @DirtiesContext [false] with mode [null]
]]></system-out>
  <system-err><![CDATA[Mockito is currently self-attaching to enable the inline-mock-maker. This will no longer work in future releases of the JDK. Please add Mockito as an agent to your build what is described in Mockito's documentation: https://javadoc.io/doc/org.mockito/mockito-core/latest/org/mockito/Mockito.html#0.3
WARNING: A Java agent has been loaded dynamically (C:\Users\tk1mr\.gradle\caches\modules-2\files-2.1\net.bytebuddy\byte-buddy-agent\1.15.11\a38b16385e867f59a641330f0362ebe742788ed8\byte-buddy-agent-1.15.11.jar)
WARNING: If a serviceability tool is in use, please run with -XX:+EnableDynamicAgentLoading to hide this warning
WARNING: If a serviceability tool is not in use, please run with -Djdk.instrument.traceUsage for more information
WARNING: Dynamic loading of agents will be disallowed by default in a future release
]]></system-err>
</testsuite>
